[18-Dec-2024 10:20:40 UTC] PHP Warning:  require(C:\Users\user\Downloads\pizza2\my-project/vendor/autoload.php): Failed to open stream: No such file or directory in C:\Users\user\Downloads\pizza2\my-project\artisan on line 9
[18-Dec-2024 10:20:40 UTC] PHP Fatal error:  Uncaught Error: Failed opening required 'C:\Users\user\Downloads\pizza2\my-project/vendor/autoload.php' (include_path='.;C:\php\pear') in C:\Users\user\Downloads\pizza2\my-project\artisan:9
Stack trace:
#0 {main}
  thrown in C:\Users\user\Downloads\pizza2\my-project\artisan on line 9
[04-Jan-2025 17:16:41 Asia/Irkutsk] PHP Fatal error:  Namespace declaration statement has to be the very first statement or after any declare call in the script in C:\Users\user\Downloads\АСЬКА\my-project\routes\web.php on line 3
[14-Jan-2025 21:05:56 Asia/Irkutsk] PHP Fatal error:  Cannot declare class CreateUsersTable, because the name is already in use in C:\Users\user\Downloads\АСЬКА\my-project\database\migrations\2025_01_14_205723_create_product_table.php on line 7
[14-Jan-2025 21:07:57 Asia/Irkutsk] PHP Fatal error:  Cannot declare class CreateUsersTable, because the name is already in use in C:\Users\user\Downloads\АСЬКА\my-project\database\migrations\2025_01_14_205723_create_product_table.php on line 7
[14-Jan-2025 21:10:51 Asia/Irkutsk] PHP Fatal error:  Cannot declare class CreateUsersTable, because the name is already in use in C:\Users\user\Downloads\АСЬКА\my-project\database\migrations\2025_01_04_191052_add_is_published_to_products_table.php on line 7
[14-Jan-2025 21:15:05 Asia/Irkutsk] PHP Fatal error:  Cannot declare class AddIsPublishedToProductsTable, because the name is already in use in C:\Users\user\Downloads\АСЬКА\my-project\database\migrations\2025_01_04_191052_add_column.php on line 7
[14-Jan-2025 21:16:46 Asia/Irkutsk] PHP Fatal error:  Cannot declare class Add, because the name is already in use in C:\Users\user\Downloads\АСЬКА\my-project\database\migrations\2025_01_04_191052_add_column.php on line 7
[14-Jan-2025 21:17:22 Asia/Irkutsk] PHP Fatal error:  Cannot declare class Add2, because the name is already in use in C:\Users\user\Downloads\АСЬКА\my-project\database\migrations\2025_01_04_191052_add_column.php on line 7
[14-Jan-2025 21:24:30 Asia/Irkutsk] PHP Fatal error:  Cannot declare class CreateProductsTable, because the name is already in use in C:\Users\user\Downloads\АСЬКА\my-project\database\migrations\2025_01_14_212407_add_new_table.php on line 7
[14-Jan-2025 23:02:20 Asia/Irkutsk] PHP Fatal error:  Cannot declare class Comment, because the name is already in use in C:\Users\user\Downloads\АСЬКА\my-project\database\migrations\2025_01_14_225738_create_comment.php on line 7
[15-Jan-2025 00:29:58 Asia/Irkutsk] PHP Fatal error:  Cannot declare class CreateCommentsTable, because the name is already in use in C:\Users\user\Downloads\АСЬКА\my-project\database\migrations\2025_01_15_002911_create_commenaries_table.php on line 7
[15-Jan-2025 00:30:01 Asia/Irkutsk] PHP Fatal error:  Cannot declare class CreateCommentsTable, because the name is already in use in C:\Users\user\Downloads\АСЬКА\my-project\database\migrations\2025_01_15_002911_create_commenaries_table.php on line 7
[15-Jan-2025 00:30:22 Asia/Irkutsk] PHP Fatal error:  Cannot declare class CreateCommentsTable, because the name is already in use in C:\Users\user\Downloads\АСЬКА\my-project\database\migrations\2025_01_15_002911_create_commenaries_table.php on line 7
[15-Jan-2025 00:30:24 Asia/Irkutsk] PHP Fatal error:  Cannot declare class CreateCommentsTable, because the name is already in use in C:\Users\user\Downloads\АСЬКА\my-project\database\migrations\2025_01_15_002911_create_commenaries_table.php on line 7
[15-Jan-2025 00:30:25 Asia/Irkutsk] PHP Fatal error:  Cannot declare class CreateCommentsTable, because the name is already in use in C:\Users\user\Downloads\АСЬКА\my-project\database\migrations\2025_01_15_002911_create_commenaries_table.php on line 7
[15-Jan-2025 00:31:00 Asia/Irkutsk] PHP Fatal error:  Cannot declare class CreateCommentsTable, because the name is already in use in C:\Users\user\Downloads\АСЬКА\my-project\database\migrations\2025_01_15_002911_create_commenaries_table.php on line 7
[15-Jan-2025 00:31:03 Asia/Irkutsk] PHP Fatal error:  Cannot declare class CreateCommentsTable, because the name is already in use in C:\Users\user\Downloads\АСЬКА\my-project\database\migrations\2025_01_15_002911_create_commenaries_table.php on line 7
[15-Jan-2025 00:31:24 Asia/Irkutsk] PHP Fatal error:  Cannot declare class CreateCommentsTable, because the name is already in use in C:\Users\user\Downloads\АСЬКА\my-project\database\migrations\2025_01_15_002911_create_commenaries_table.php on line 7
[15-Jan-2025 00:31:42 Asia/Irkutsk] PHP Fatal error:  Cannot declare class CreateCommentsTable, because the name is already in use in C:\Users\user\Downloads\АСЬКА\my-project\database\migrations\2025_01_15_002911_create_commenaries_table.php on line 7
[15-Jan-2025 00:33:14 Asia/Irkutsk] PHP Fatal error:  Cannot declare class CreateCommentsTable, because the name is already in use in C:\Users\user\Downloads\АСЬКА\my-project\database\migrations\2025_01_15_002911_create_commenaries_table.php on line 7
[15-Jan-2025 00:33:16 Asia/Irkutsk] PHP Fatal error:  Cannot declare class CreateCommentsTable, because the name is already in use in C:\Users\user\Downloads\АСЬКА\my-project\database\migrations\2025_01_15_002911_create_commenaries_table.php on line 7
[15-Jan-2025 00:34:19 Asia/Irkutsk] PHP Fatal error:  Cannot declare class CreateCommentsTable, because the name is already in use in C:\Users\user\Downloads\АСЬКА\my-project\database\migrations\2025_01_15_002911_create_commenaries_table.php on line 7
