[15-Jan-2025 01:10:55 Asia/Irkutsk] PHP Warning:  Uncaught PDOException: SQLSTATE[HY000]: General error: 5 database is locked in C:\Users\user\Downloads\АСЬКА\my-project\vendor\laravel\framework\src\Illuminate\Database\Connection.php:596
Stack trace:
#0 C:\Users\user\Downloads\АСЬКА\my-project\vendor\laravel\framework\src\Illuminate\Database\Connection.php(596): PDOStatement->execute()
#1 C:\Users\user\Downloads\АСЬКА\my-project\vendor\laravel\framework\src\Illuminate\Database\Connection.php(812): Illuminate\Database\Connection->Illuminate\Database\{closure}('update "session...', Array)
#2 C:\Users\user\Downloads\АСЬКА\my-project\vendor\laravel\framework\src\Illuminate\Database\Connection.php(779): Illuminate\Database\Connection->runQueryCallback('update "session...', Array, Object(Closure))
#3 C:\Users\user\Downloads\АСЬКА\my-project\vendor\laravel\framework\src\Illuminate\Database\Connection.php(584): Illuminate\Database\Connection->run('update "session...', Array, Object(Closure))
#4 C:\Users\user\Downloads\АСЬКА\my-project\vendor\laravel\framework\src\Illuminate\Database\Connection.php(536): Illuminate\Database\Connection->affectingStatement('update "session...', Array)
#5 C:\Users\user\Downloads\АСЬКА\my-project\vendor\laravel\framework\src\Illuminate\Database\Query\Builder.php(3866): Illuminate\Database\Connection->update('update "session...', Array)
#6 C:\Users\user\Downloads\АСЬКА\my-project\vendor\laravel\framework\src\Illuminate\Session\DatabaseSessionHandler.php(173): Illuminate\Database\Query\Builder->update(Object(Illuminate\Support\Collection))
#7 C:\Users\user\Downloads\АСЬКА\my-project\vendor\laravel\framework\src\Illuminate\Session\DatabaseSessionHandler.php(140): Illuminate\Session\DatabaseSessionHandler->performUpdate('l9B3haLzK4veFu1...', Array)
#8 C:\Users\user\Downloads\АСЬКА\my-project\vendor\laravel\framework\src\Illuminate\Session\Store.php(175): Illuminate\Session\DatabaseSessionHandler->write('l9B3haLzK4veFu1...', 'a:3:{s:6:"_toke...')
#9 C:\Users\user\Downloads\АСЬКА\my-project\vendor\laravel\framework\src\Illuminate\Session\Middleware\StartSession.php(245): Illuminate\Session\Store->save()
#10 C:\Users\user\Downloads\АСЬКА\my-project\vendor\laravel\framework\src\Illuminate\Session\Middleware\StartSession.php(130): Illuminate\Session\Middleware\StartSession->saveSession(Object(Illuminate\Http\Request))
#11 C:\Users\user\Downloads\АСЬКА\my-project\vendor\laravel\framework\src\Illuminate\Session\Middleware\StartSession.php(64): Illuminate\Session\Middleware\StartSession->handleStatefulRequest(Object(Illuminate\Http\Request), Object(Illuminate\Session\Store), Object(Closure))
#12 C:\Users\user\Downloads\АСЬКА\my-project\vendor\laravel\framework\src\Illuminate\Pipeline\Pipeline.php(183): Illuminate\Session\Middleware\StartSession->handle(Object(Illuminate\Http\Request), Object(Closure))
#13 C:\Users\user\Downloads\АСЬКА\my-project\vendor\laravel\framework\src\Illuminate\Cookie\Middleware\AddQueuedCookiesToResponse.php(37): Illuminate\Pipeline\Pipeline->Illuminate\Pipeline\{closure}(Object(Illuminate\Http\Request))
#14 C:\Users\user\Downloads\АСЬКА\my-project\vendor\laravel\framework\src\Illuminate\Pipeline\Pipeline.php(183): Illuminate\Cookie\Middleware\AddQueuedCookiesToResponse->handle(Object(Illuminate\Http\Request), Object(Closure))
#15 C:\Users\user\Downloads\АСЬКА\my-project\vendor\laravel\framework\src\Illuminate\Cookie\Middleware\EncryptCookies.php(75): Illuminate\Pipeline\Pipeline->Illuminate\Pipeline\{closure}(Object(Illuminate\Http\Request))
#16 C:\Users\user\Downloads\АСЬКА\my-project\vendor\laravel\framework\src\Illuminate\Pipeline\Pipeline.php(183): Illuminate\Cookie\Middleware\EncryptCookies->handle(Object(Illuminate\Http\Request), Object(Closure))
#17 C:\Users\user\Downloads\АСЬКА\my-project\vendor\laravel\framework\src\Illuminate\Pipeline\Pipeline.php(119): Illuminate\Pipeline\Pipeline->Illuminate\Pipeline\{closure}(Object(Illuminate\Http\Request))
#18 C:\Users\user\Downloads\АСЬКА\my-project\vendor\laravel\framework\src\Illuminate\Routing\Router.php(807): Illuminate\Pipeline\Pipeline->then(Object(Closure))
#19 C:\Users\user\Downloads\АСЬКА\my-project\vendor\laravel\framework\src\Illuminate\Routing\Router.php(786): Illuminate\Routing\Router->runRouteWithinStack(Object(Illuminate\Routing\Route), Object(Illuminate\Http\Request))
#20 C:\Users\user\Downloads\АСЬКА\my-project\vendor\laravel\framework\src\Illuminate\Routing\Router.php(750): Illuminate\Routing\Router->runRoute(Object(Illuminate\Http\Request), Object(Illuminate\Routing\Route))
#21 C:\Users\user\Downloads\АСЬКА\my-project\vendor\laravel\framework\src\Illuminate\Routing\Router.php(739): Illuminate\Routing\Router->dispatchToRoute(Object(Illuminate\Http\Request))
#22 C:\Users\user\Downloads\АСЬКА\my-project\vendor\laravel\framework\src\Illuminate\Foundation\Http\Kernel.php(201): Illuminate\Routing\Router->dispatch(Object(Illuminate\Http\Request))
#23 C:\Users\user\Downloads\АСЬКА\my-project\vendor\laravel\framework\src\Illuminate\Pipeline\Pipeline.php(144): Illuminate\Foundation\Http\Kernel->Illuminate\Foundation\Http\{closure}(Object(Illuminate\Http\Request))
#24 C:\Users\user\Downloads\АСЬКА\my-project\vendor\laravel\framework\src\Illuminate\Foundation\Http\Middleware\TransformsRequest.php(21): Illuminate\Pipeline\Pipeline->Illuminate\Pipeline\{closure}(Object(Illuminate\Http\Request))
#25 C:\Users\user\Downloads\АСЬКА\my-project\vendor\laravel\framework\src\Illuminate\Foundation\Http\Middleware\ConvertEmptyStringsToNull.php(31): Illuminate\Foundation\Http\Middleware\TransformsRequest->handle(Object(Illuminate\Http\Request), Object(Closure))
#26 C:\Users\user\Downloads\АСЬКА\my-project\vendor\laravel\framework\src\Illuminate\Pipeline\Pipeline.php(183): Illuminate\Foundation\Http\Middleware\ConvertEmptyStringsToNull->handle(Object(Illuminate\Http\Request), Object(Closure))
#27 C:\Users\user\Downloads\АСЬКА\my-project\vendor\laravel\framework\src\Illuminate\Foundation\Http\Middleware\TransformsRequest.php(21): Illuminate\Pipeline\Pipeline->Illuminate\Pipeline\{closure}(Object(Illuminate\Http\Request))
#28 C:\Users\user\Downloads\АСЬКА\my-project\vendor\laravel\framework\src\Illuminate\Foundation\Http\Middleware\TrimStrings.php(51): Illuminate\Foundation\Http\Middleware\TransformsRequest->handle(Object(Illuminate\Http\Request), Object(Closure))
#29 C:\Users\user\Downloads\АСЬКА\my-project\vendor\laravel\framework\src\Illuminate\Pipeline\Pipeline.php(183): Illuminate\Foundation\Http\Middleware\TrimStrings->handle(Object(Illuminate\Http\Request), Object(Closure))
#30 C:\Users\user\Downloads\АСЬКА\my-project\vendor\laravel\framework\src\Illuminate\Http\Middleware\ValidatePostSize.php(27): Illuminate\Pipeline\Pipeline->Illuminate\Pipeline\{closure}(Object(Illuminate\Http\Request))
#31 C:\Users\user\Downloads\АСЬКА\my-project\vendor\laravel\framework\src\Illuminate\Pipeline\Pipeline.php(183): Illuminate\Http\Middleware\ValidatePostSize->handle(Object(Illuminate\Http\Request), Object(Closure))
#32 C:\Users\user\Downloads\АСЬКА\my-project\vendor\laravel\framework\src\Illuminate\Foundation\Http\Middleware\PreventRequestsDuringMaintenance.php(110): Illuminate\Pipeline\Pipeline->Illuminate\Pipeline\{closure}(Object(Illuminate\Http\Request))
#33 C:\Users\user\Downloads\АСЬКА\my-project\vendor\laravel\framework\src\Illuminate\Pipeline\Pipeline.php(183): Illuminate\Foundation\Http\Middleware\PreventRequestsDuringMaintenance->handle(Object(Illuminate\Http\Request), Object(Closure))
#34 C:\Users\user\Downloads\АСЬКА\my-project\vendor\laravel\framework\src\Illuminate\Http\Middleware\HandleCors.php(49): Illuminate\Pipeline\Pipeline->Illuminate\Pipeline\{closure}(Object(Illuminate\Http\Request))
#35 C:\Users\user\Downloads\АСЬКА\my-project\vendor\laravel\framework\src\Illuminate\Pipeline\Pipeline.php(183): Illuminate\Http\Middleware\HandleCors->handle(Object(Illuminate\Http\Request), Object(Closure))
#36 C:\Users\user\Downloads\АСЬКА\my-project\vendor\laravel\framework\src\Illuminate\Http\Middleware\TrustProxies.php(58): Illuminate\Pipeline\Pipeline->Illuminate\Pipeline\{closure}(Object(Illuminate\Http\Request))
#37 C:\Users\user\Downloads\АСЬКА\my-project\vendor\laravel\framework\src\Illuminate\Pipeline\Pipeline.php(183): Illuminate\Http\Middleware\TrustProxies->handle(Object(Illuminate\Http\Request), Object(Closure))
#38 C:\Users\user\Downloads\АСЬКА\my-project\vendor\laravel\framework\src\Illuminate\Foundation\Http\Middleware\InvokeDeferredCallbacks.php(22): Illuminate\Pipeline\Pipeline->Illuminate\Pipeline\{closure}(Object(Illuminate\Http\Request))
#39 C:\Users\user\Downloads\АСЬКА\my-project\vendor\laravel\framework\src\Illuminate\Pipeline\Pipeline.php(183): Illuminate\Foundation\Http\Middleware\InvokeDeferredCallbacks->handle(Object(Illuminate\Http\Request), Object(Closure))
#40 C:\Users\user\Downloads\АСЬКА\my-project\vendor\laravel\framework\src\Illuminate\Pipeline\Pipeline.php(119): Illuminate\Pipeline\Pipeline->Illuminate\Pipeline\{closure}(Object(Illuminate\Http\Request))
#41 C:\Users\user\Downloads\АСЬКА\my-project\vendor\laravel\framework\src\Illuminate\Foundation\Http\Kernel.php(176): Illuminate\Pipeline\Pipeline->then(Object(Closure))
#42 C:\Users\user\Downloads\АСЬКА\my-project\vendor\laravel\framework\src\Illuminate\Foundation\Http\Kernel.php(145): Illuminate\Foundation\Http\Kernel->sendRequestThroughRouter(Object(Illuminate\Http\Request))
#43 C:\Users\user\Downloads\АСЬКА\my-project\vendor\laravel\framework\src\Illuminate\Foundation\Application.php(1190): Illuminate\Foundation\Http\Kernel->handle(Object(Illuminate\Http\Request))
#44 C:\Users\user\Downloads\АСЬКА\my-project\public\index.php(17): Illuminate\Foundation\Application->handleRequest(Object(Illuminate\Http\Request))
#45 C:\Users\user\Downloads\АСЬКА\my-project\vendor\laravel\framework\src\Illuminate\Foundation\resources\server.php(23): require_once('C:\\Users\\user\\D...')
#46 {main}
  thrown in C:\Users\user\Downloads\АСЬКА\my-project\vendor\laravel\framework\src\Illuminate\Database\Connection.php on line 596
[15-Jan-2025 01:10:55 Asia/Irkutsk] PHP Fatal error:  Maximum execution time of 30 seconds exceeded in C:\Users\user\Downloads\АСЬКА\my-project\vendor\laravel\framework\src\Illuminate\Database\Connection.php on line 812
[15-Jan-2025 01:11:55 Asia/Irkutsk] PHP Warning:  Uncaught PDOException: SQLSTATE[HY000]: General error: 5 database is locked in C:\Users\user\Downloads\АСЬКА\my-project\vendor\laravel\framework\src\Illuminate\Database\Connection.php:596
Stack trace:
#0 C:\Users\user\Downloads\АСЬКА\my-project\vendor\laravel\framework\src\Illuminate\Database\Connection.php(596): PDOStatement->execute()
#1 C:\Users\user\Downloads\АСЬКА\my-project\vendor\laravel\framework\src\Illuminate\Database\Connection.php(812): Illuminate\Database\Connection->Illuminate\Database\{closure}('update "session...', Array)
#2 C:\Users\user\Downloads\АСЬКА\my-project\vendor\laravel\framework\src\Illuminate\Database\Connection.php(779): Illuminate\Database\Connection->runQueryCallback('update "session...', Array, Object(Closure))
#3 C:\Users\user\Downloads\АСЬКА\my-project\vendor\laravel\framework\src\Illuminate\Database\Connection.php(584): Illuminate\Database\Connection->run('update "session...', Array, Object(Closure))
#4 C:\Users\user\Downloads\АСЬКА\my-project\vendor\laravel\framework\src\Illuminate\Database\Connection.php(536): Illuminate\Database\Connection->affectingStatement('update "session...', Array)
#5 C:\Users\user\Downloads\АСЬКА\my-project\vendor\laravel\framework\src\Illuminate\Database\Query\Builder.php(3866): Illuminate\Database\Connection->update('update "session...', Array)
#6 C:\Users\user\Downloads\АСЬКА\my-project\vendor\laravel\framework\src\Illuminate\Session\DatabaseSessionHandler.php(173): Illuminate\Database\Query\Builder->update(Object(Illuminate\Support\Collection))
#7 C:\Users\user\Downloads\АСЬКА\my-project\vendor\laravel\framework\src\Illuminate\Session\DatabaseSessionHandler.php(140): Illuminate\Session\DatabaseSessionHandler->performUpdate('l9B3haLzK4veFu1...', Array)
#8 C:\Users\user\Downloads\АСЬКА\my-project\vendor\laravel\framework\src\Illuminate\Session\Store.php(175): Illuminate\Session\DatabaseSessionHandler->write('l9B3haLzK4veFu1...', 'a:3:{s:6:"_toke...')
#9 C:\Users\user\Downloads\АСЬКА\my-project\vendor\laravel\framework\src\Illuminate\Session\Middleware\StartSession.php(245): Illuminate\Session\Store->save()
#10 C:\Users\user\Downloads\АСЬКА\my-project\vendor\laravel\framework\src\Illuminate\Session\Middleware\StartSession.php(130): Illuminate\Session\Middleware\StartSession->saveSession(Object(Illuminate\Http\Request))
#11 C:\Users\user\Downloads\АСЬКА\my-project\vendor\laravel\framework\src\Illuminate\Session\Middleware\StartSession.php(64): Illuminate\Session\Middleware\StartSession->handleStatefulRequest(Object(Illuminate\Http\Request), Object(Illuminate\Session\Store), Object(Closure))
#12 C:\Users\user\Downloads\АСЬКА\my-project\vendor\laravel\framework\src\Illuminate\Pipeline\Pipeline.php(183): Illuminate\Session\Middleware\StartSession->handle(Object(Illuminate\Http\Request), Object(Closure))
#13 C:\Users\user\Downloads\АСЬКА\my-project\vendor\laravel\framework\src\Illuminate\Cookie\Middleware\AddQueuedCookiesToResponse.php(37): Illuminate\Pipeline\Pipeline->Illuminate\Pipeline\{closure}(Object(Illuminate\Http\Request))
#14 C:\Users\user\Downloads\АСЬКА\my-project\vendor\laravel\framework\src\Illuminate\Pipeline\Pipeline.php(183): Illuminate\Cookie\Middleware\AddQueuedCookiesToResponse->handle(Object(Illuminate\Http\Request), Object(Closure))
#15 C:\Users\user\Downloads\АСЬКА\my-project\vendor\laravel\framework\src\Illuminate\Cookie\Middleware\EncryptCookies.php(75): Illuminate\Pipeline\Pipeline->Illuminate\Pipeline\{closure}(Object(Illuminate\Http\Request))
#16 C:\Users\user\Downloads\АСЬКА\my-project\vendor\laravel\framework\src\Illuminate\Pipeline\Pipeline.php(183): Illuminate\Cookie\Middleware\EncryptCookies->handle(Object(Illuminate\Http\Request), Object(Closure))
#17 C:\Users\user\Downloads\АСЬКА\my-project\vendor\laravel\framework\src\Illuminate\Pipeline\Pipeline.php(119): Illuminate\Pipeline\Pipeline->Illuminate\Pipeline\{closure}(Object(Illuminate\Http\Request))
#18 C:\Users\user\Downloads\АСЬКА\my-project\vendor\laravel\framework\src\Illuminate\Routing\Router.php(807): Illuminate\Pipeline\Pipeline->then(Object(Closure))
#19 C:\Users\user\Downloads\АСЬКА\my-project\vendor\laravel\framework\src\Illuminate\Routing\Router.php(786): Illuminate\Routing\Router->runRouteWithinStack(Object(Illuminate\Routing\Route), Object(Illuminate\Http\Request))
#20 C:\Users\user\Downloads\АСЬКА\my-project\vendor\laravel\framework\src\Illuminate\Routing\Router.php(750): Illuminate\Routing\Router->runRoute(Object(Illuminate\Http\Request), Object(Illuminate\Routing\Route))
#21 C:\Users\user\Downloads\АСЬКА\my-project\vendor\laravel\framework\src\Illuminate\Routing\Router.php(739): Illuminate\Routing\Router->dispatchToRoute(Object(Illuminate\Http\Request))
#22 C:\Users\user\Downloads\АСЬКА\my-project\vendor\laravel\framework\src\Illuminate\Foundation\Http\Kernel.php(201): Illuminate\Routing\Router->dispatch(Object(Illuminate\Http\Request))
#23 C:\Users\user\Downloads\АСЬКА\my-project\vendor\laravel\framework\src\Illuminate\Pipeline\Pipeline.php(144): Illuminate\Foundation\Http\Kernel->Illuminate\Foundation\Http\{closure}(Object(Illuminate\Http\Request))
#24 C:\Users\user\Downloads\АСЬКА\my-project\vendor\laravel\framework\src\Illuminate\Foundation\Http\Middleware\TransformsRequest.php(21): Illuminate\Pipeline\Pipeline->Illuminate\Pipeline\{closure}(Object(Illuminate\Http\Request))
#25 C:\Users\user\Downloads\АСЬКА\my-project\vendor\laravel\framework\src\Illuminate\Foundation\Http\Middleware\ConvertEmptyStringsToNull.php(31): Illuminate\Foundation\Http\Middleware\TransformsRequest->handle(Object(Illuminate\Http\Request), Object(Closure))
#26 C:\Users\user\Downloads\АСЬКА\my-project\vendor\laravel\framework\src\Illuminate\Pipeline\Pipeline.php(183): Illuminate\Foundation\Http\Middleware\ConvertEmptyStringsToNull->handle(Object(Illuminate\Http\Request), Object(Closure))
#27 C:\Users\user\Downloads\АСЬКА\my-project\vendor\laravel\framework\src\Illuminate\Foundation\Http\Middleware\TransformsRequest.php(21): Illuminate\Pipeline\Pipeline->Illuminate\Pipeline\{closure}(Object(Illuminate\Http\Request))
#28 C:\Users\user\Downloads\АСЬКА\my-project\vendor\laravel\framework\src\Illuminate\Foundation\Http\Middleware\TrimStrings.php(51): Illuminate\Foundation\Http\Middleware\TransformsRequest->handle(Object(Illuminate\Http\Request), Object(Closure))
#29 C:\Users\user\Downloads\АСЬКА\my-project\vendor\laravel\framework\src\Illuminate\Pipeline\Pipeline.php(183): Illuminate\Foundation\Http\Middleware\TrimStrings->handle(Object(Illuminate\Http\Request), Object(Closure))
#30 C:\Users\user\Downloads\АСЬКА\my-project\vendor\laravel\framework\src\Illuminate\Http\Middleware\ValidatePostSize.php(27): Illuminate\Pipeline\Pipeline->Illuminate\Pipeline\{closure}(Object(Illuminate\Http\Request))
#31 C:\Users\user\Downloads\АСЬКА\my-project\vendor\laravel\framework\src\Illuminate\Pipeline\Pipeline.php(183): Illuminate\Http\Middleware\ValidatePostSize->handle(Object(Illuminate\Http\Request), Object(Closure))
#32 C:\Users\user\Downloads\АСЬКА\my-project\vendor\laravel\framework\src\Illuminate\Foundation\Http\Middleware\PreventRequestsDuringMaintenance.php(110): Illuminate\Pipeline\Pipeline->Illuminate\Pipeline\{closure}(Object(Illuminate\Http\Request))
#33 C:\Users\user\Downloads\АСЬКА\my-project\vendor\laravel\framework\src\Illuminate\Pipeline\Pipeline.php(183): Illuminate\Foundation\Http\Middleware\PreventRequestsDuringMaintenance->handle(Object(Illuminate\Http\Request), Object(Closure))
#34 C:\Users\user\Downloads\АСЬКА\my-project\vendor\laravel\framework\src\Illuminate\Http\Middleware\HandleCors.php(49): Illuminate\Pipeline\Pipeline->Illuminate\Pipeline\{closure}(Object(Illuminate\Http\Request))
#35 C:\Users\user\Downloads\АСЬКА\my-project\vendor\laravel\framework\src\Illuminate\Pipeline\Pipeline.php(183): Illuminate\Http\Middleware\HandleCors->handle(Object(Illuminate\Http\Request), Object(Closure))
#36 C:\Users\user\Downloads\АСЬКА\my-project\vendor\laravel\framework\src\Illuminate\Http\Middleware\TrustProxies.php(58): Illuminate\Pipeline\Pipeline->Illuminate\Pipeline\{closure}(Object(Illuminate\Http\Request))
#37 C:\Users\user\Downloads\АСЬКА\my-project\vendor\laravel\framework\src\Illuminate\Pipeline\Pipeline.php(183): Illuminate\Http\Middleware\TrustProxies->handle(Object(Illuminate\Http\Request), Object(Closure))
#38 C:\Users\user\Downloads\АСЬКА\my-project\vendor\laravel\framework\src\Illuminate\Foundation\Http\Middleware\InvokeDeferredCallbacks.php(22): Illuminate\Pipeline\Pipeline->Illuminate\Pipeline\{closure}(Object(Illuminate\Http\Request))
#39 C:\Users\user\Downloads\АСЬКА\my-project\vendor\laravel\framework\src\Illuminate\Pipeline\Pipeline.php(183): Illuminate\Foundation\Http\Middleware\InvokeDeferredCallbacks->handle(Object(Illuminate\Http\Request), Object(Closure))
#40 C:\Users\user\Downloads\АСЬКА\my-project\vendor\laravel\framework\src\Illuminate\Pipeline\Pipeline.php(119): Illuminate\Pipeline\Pipeline->Illuminate\Pipeline\{closure}(Object(Illuminate\Http\Request))
#41 C:\Users\user\Downloads\АСЬКА\my-project\vendor\laravel\framework\src\Illuminate\Foundation\Http\Kernel.php(176): Illuminate\Pipeline\Pipeline->then(Object(Closure))
#42 C:\Users\user\Downloads\АСЬКА\my-project\vendor\laravel\framework\src\Illuminate\Foundation\Http\Kernel.php(145): Illuminate\Foundation\Http\Kernel->sendRequestThroughRouter(Object(Illuminate\Http\Request))
#43 C:\Users\user\Downloads\АСЬКА\my-project\vendor\laravel\framework\src\Illuminate\Foundation\Application.php(1190): Illuminate\Foundation\Http\Kernel->handle(Object(Illuminate\Http\Request))
#44 C:\Users\user\Downloads\АСЬКА\my-project\public\index.php(17): Illuminate\Foundation\Application->handleRequest(Object(Illuminate\Http\Request))
#45 C:\Users\user\Downloads\АСЬКА\my-project\vendor\laravel\framework\src\Illuminate\Foundation\resources\server.php(23): require_once('C:\\Users\\user\\D...')
#46 {main}
  thrown in C:\Users\user\Downloads\АСЬКА\my-project\vendor\laravel\framework\src\Illuminate\Database\Connection.php on line 596
[15-Jan-2025 01:11:55 Asia/Irkutsk] PHP Fatal error:  Maximum execution time of 30 seconds exceeded in C:\Users\user\Downloads\АСЬКА\my-project\vendor\laravel\framework\src\Illuminate\Database\Connection.php on line 812
[15-Jan-2025 01:12:56 Asia/Irkutsk] PHP Warning:  Uncaught PDOException: SQLSTATE[HY000]: General error: 5 database is locked in C:\Users\user\Downloads\АСЬКА\my-project\vendor\laravel\framework\src\Illuminate\Database\Connection.php:571
Stack trace:
#0 C:\Users\user\Downloads\АСЬКА\my-project\vendor\laravel\framework\src\Illuminate\Database\Connection.php(571): PDOStatement->execute()
#1 C:\Users\user\Downloads\АСЬКА\my-project\vendor\laravel\framework\src\Illuminate\Database\Connection.php(812): Illuminate\Database\Connection->Illuminate\Database\{closure}('insert into "se...', Array)
#2 C:\Users\user\Downloads\АСЬКА\my-project\vendor\laravel\framework\src\Illuminate\Database\Connection.php(779): Illuminate\Database\Connection->runQueryCallback('insert into "se...', Array, Object(Closure))
#3 C:\Users\user\Downloads\АСЬКА\my-project\vendor\laravel\framework\src\Illuminate\Database\Connection.php(560): Illuminate\Database\Connection->run('insert into "se...', Array, Object(Closure))
#4 C:\Users\user\Downloads\АСЬКА\my-project\vendor\laravel\framework\src\Illuminate\Database\Connection.php(524): Illuminate\Database\Connection->statement('insert into "se...', Array)
#5 C:\Users\user\Downloads\АСЬКА\my-project\vendor\laravel\framework\src\Illuminate\Database\Query\Builder.php(3748): Illuminate\Database\Connection->insert('insert into "se...', Array)
#6 C:\Users\user\Downloads\АСЬКА\my-project\vendor\laravel\framework\src\Illuminate\Session\DatabaseSessionHandler.php(158): Illuminate\Database\Query\Builder->insert(Array)
#7 C:\Users\user\Downloads\АСЬКА\my-project\vendor\laravel\framework\src\Illuminate\Session\DatabaseSessionHandler.php(142): Illuminate\Session\DatabaseSessionHandler->performInsert('vJUM4O0c6eWZQuh...', Array)
#8 C:\Users\user\Downloads\АСЬКА\my-project\vendor\laravel\framework\src\Illuminate\Session\Store.php(175): Illuminate\Session\DatabaseSessionHandler->write('vJUM4O0c6eWZQuh...', 'a:3:{s:6:"_toke...')
#9 C:\Users\user\Downloads\АСЬКА\my-project\vendor\laravel\framework\src\Illuminate\Session\Middleware\StartSession.php(245): Illuminate\Session\Store->save()
#10 C:\Users\user\Downloads\АСЬКА\my-project\vendor\laravel\framework\src\Illuminate\Session\Middleware\StartSession.php(130): Illuminate\Session\Middleware\StartSession->saveSession(Object(Illuminate\Http\Request))
#11 C:\Users\user\Downloads\АСЬКА\my-project\vendor\laravel\framework\src\Illuminate\Session\Middleware\StartSession.php(64): Illuminate\Session\Middleware\StartSession->handleStatefulRequest(Object(Illuminate\Http\Request), Object(Illuminate\Session\Store), Object(Closure))
#12 C:\Users\user\Downloads\АСЬКА\my-project\vendor\laravel\framework\src\Illuminate\Pipeline\Pipeline.php(183): Illuminate\Session\Middleware\StartSession->handle(Object(Illuminate\Http\Request), Object(Closure))
#13 C:\Users\user\Downloads\АСЬКА\my-project\vendor\laravel\framework\src\Illuminate\Cookie\Middleware\AddQueuedCookiesToResponse.php(37): Illuminate\Pipeline\Pipeline->Illuminate\Pipeline\{closure}(Object(Illuminate\Http\Request))
#14 C:\Users\user\Downloads\АСЬКА\my-project\vendor\laravel\framework\src\Illuminate\Pipeline\Pipeline.php(183): Illuminate\Cookie\Middleware\AddQueuedCookiesToResponse->handle(Object(Illuminate\Http\Request), Object(Closure))
#15 C:\Users\user\Downloads\АСЬКА\my-project\vendor\laravel\framework\src\Illuminate\Cookie\Middleware\EncryptCookies.php(75): Illuminate\Pipeline\Pipeline->Illuminate\Pipeline\{closure}(Object(Illuminate\Http\Request))
#16 C:\Users\user\Downloads\АСЬКА\my-project\vendor\laravel\framework\src\Illuminate\Pipeline\Pipeline.php(183): Illuminate\Cookie\Middleware\EncryptCookies->handle(Object(Illuminate\Http\Request), Object(Closure))
#17 C:\Users\user\Downloads\АСЬКА\my-project\vendor\laravel\framework\src\Illuminate\Pipeline\Pipeline.php(119): Illuminate\Pipeline\Pipeline->Illuminate\Pipeline\{closure}(Object(Illuminate\Http\Request))
#18 C:\Users\user\Downloads\АСЬКА\my-project\vendor\laravel\framework\src\Illuminate\Routing\Router.php(807): Illuminate\Pipeline\Pipeline->then(Object(Closure))
#19 C:\Users\user\Downloads\АСЬКА\my-project\vendor\laravel\framework\src\Illuminate\Routing\Router.php(786): Illuminate\Routing\Router->runRouteWithinStack(Object(Illuminate\Routing\Route), Object(Illuminate\Http\Request))
#20 C:\Users\user\Downloads\АСЬКА\my-project\vendor\laravel\framework\src\Illuminate\Routing\Router.php(750): Illuminate\Routing\Router->runRoute(Object(Illuminate\Http\Request), Object(Illuminate\Routing\Route))
#21 C:\Users\user\Downloads\АСЬКА\my-project\vendor\laravel\framework\src\Illuminate\Routing\Router.php(739): Illuminate\Routing\Router->dispatchToRoute(Object(Illuminate\Http\Request))
#22 C:\Users\user\Downloads\АСЬКА\my-project\vendor\laravel\framework\src\Illuminate\Foundation\Http\Kernel.php(201): Illuminate\Routing\Router->dispatch(Object(Illuminate\Http\Request))
#23 C:\Users\user\Downloads\АСЬКА\my-project\vendor\laravel\framework\src\Illuminate\Pipeline\Pipeline.php(144): Illuminate\Foundation\Http\Kernel->Illuminate\Foundation\Http\{closure}(Object(Illuminate\Http\Request))
#24 C:\Users\user\Downloads\АСЬКА\my-project\vendor\laravel\framework\src\Illuminate\Foundation\Http\Middleware\TransformsRequest.php(21): Illuminate\Pipeline\Pipeline->Illuminate\Pipeline\{closure}(Object(Illuminate\Http\Request))
#25 C:\Users\user\Downloads\АСЬКА\my-project\vendor\laravel\framework\src\Illuminate\Foundation\Http\Middleware\ConvertEmptyStringsToNull.php(31): Illuminate\Foundation\Http\Middleware\TransformsRequest->handle(Object(Illuminate\Http\Request), Object(Closure))
#26 C:\Users\user\Downloads\АСЬКА\my-project\vendor\laravel\framework\src\Illuminate\Pipeline\Pipeline.php(183): Illuminate\Foundation\Http\Middleware\ConvertEmptyStringsToNull->handle(Object(Illuminate\Http\Request), Object(Closure))
#27 C:\Users\user\Downloads\АСЬКА\my-project\vendor\laravel\framework\src\Illuminate\Foundation\Http\Middleware\TransformsRequest.php(21): Illuminate\Pipeline\Pipeline->Illuminate\Pipeline\{closure}(Object(Illuminate\Http\Request))
#28 C:\Users\user\Downloads\АСЬКА\my-project\vendor\laravel\framework\src\Illuminate\Foundation\Http\Middleware\TrimStrings.php(51): Illuminate\Foundation\Http\Middleware\TransformsRequest->handle(Object(Illuminate\Http\Request), Object(Closure))
#29 C:\Users\user\Downloads\АСЬКА\my-project\vendor\laravel\framework\src\Illuminate\Pipeline\Pipeline.php(183): Illuminate\Foundation\Http\Middleware\TrimStrings->handle(Object(Illuminate\Http\Request), Object(Closure))
#30 C:\Users\user\Downloads\АСЬКА\my-project\vendor\laravel\framework\src\Illuminate\Http\Middleware\ValidatePostSize.php(27): Illuminate\Pipeline\Pipeline->Illuminate\Pipeline\{closure}(Object(Illuminate\Http\Request))
#31 C:\Users\user\Downloads\АСЬКА\my-project\vendor\laravel\framework\src\Illuminate\Pipeline\Pipeline.php(183): Illuminate\Http\Middleware\ValidatePostSize->handle(Object(Illuminate\Http\Request), Object(Closure))
#32 C:\Users\user\Downloads\АСЬКА\my-project\vendor\laravel\framework\src\Illuminate\Foundation\Http\Middleware\PreventRequestsDuringMaintenance.php(110): Illuminate\Pipeline\Pipeline->Illuminate\Pipeline\{closure}(Object(Illuminate\Http\Request))
#33 C:\Users\user\Downloads\АСЬКА\my-project\vendor\laravel\framework\src\Illuminate\Pipeline\Pipeline.php(183): Illuminate\Foundation\Http\Middleware\PreventRequestsDuringMaintenance->handle(Object(Illuminate\Http\Request), Object(Closure))
#34 C:\Users\user\Downloads\АСЬКА\my-project\vendor\laravel\framework\src\Illuminate\Http\Middleware\HandleCors.php(49): Illuminate\Pipeline\Pipeline->Illuminate\Pipeline\{closure}(Object(Illuminate\Http\Request))
#35 C:\Users\user\Downloads\АСЬКА\my-project\vendor\laravel\framework\src\Illuminate\Pipeline\Pipeline.php(183): Illuminate\Http\Middleware\HandleCors->handle(Object(Illuminate\Http\Request), Object(Closure))
#36 C:\Users\user\Downloads\АСЬКА\my-project\vendor\laravel\framework\src\Illuminate\Http\Middleware\TrustProxies.php(58): Illuminate\Pipeline\Pipeline->Illuminate\Pipeline\{closure}(Object(Illuminate\Http\Request))
#37 C:\Users\user\Downloads\АСЬКА\my-project\vendor\laravel\framework\src\Illuminate\Pipeline\Pipeline.php(183): Illuminate\Http\Middleware\TrustProxies->handle(Object(Illuminate\Http\Request), Object(Closure))
#38 C:\Users\user\Downloads\АСЬКА\my-project\vendor\laravel\framework\src\Illuminate\Foundation\Http\Middleware\InvokeDeferredCallbacks.php(22): Illuminate\Pipeline\Pipeline->Illuminate\Pipeline\{closure}(Object(Illuminate\Http\Request))
#39 C:\Users\user\Downloads\АСЬКА\my-project\vendor\laravel\framework\src\Illuminate\Pipeline\Pipeline.php(183): Illuminate\Foundation\Http\Middleware\InvokeDeferredCallbacks->handle(Object(Illuminate\Http\Request), Object(Closure))
#40 C:\Users\user\Downloads\АСЬКА\my-project\vendor\laravel\framework\src\Illuminate\Pipeline\Pipeline.php(119): Illuminate\Pipeline\Pipeline->Illuminate\Pipeline\{closure}(Object(Illuminate\Http\Request))
#41 C:\Users\user\Downloads\АСЬКА\my-project\vendor\laravel\framework\src\Illuminate\Foundation\Http\Kernel.php(176): Illuminate\Pipeline\Pipeline->then(Object(Closure))
#42 C:\Users\user\Downloads\АСЬКА\my-project\vendor\laravel\framework\src\Illuminate\Foundation\Http\Kernel.php(145): Illuminate\Foundation\Http\Kernel->sendRequestThroughRouter(Object(Illuminate\Http\Request))
#43 C:\Users\user\Downloads\АСЬКА\my-project\vendor\laravel\framework\src\Illuminate\Foundation\Application.php(1190): Illuminate\Foundation\Http\Kernel->handle(Object(Illuminate\Http\Request))
#44 C:\Users\user\Downloads\АСЬКА\my-project\public\index.php(17): Illuminate\Foundation\Application->handleRequest(Object(Illuminate\Http\Request))
#45 C:\Users\user\Downloads\АСЬКА\my-project\vendor\laravel\framework\src\Illuminate\Foundation\resources\server.php(23): require_once('C:\\Users\\user\\D...')
#46 {main}
  thrown in C:\Users\user\Downloads\АСЬКА\my-project\vendor\laravel\framework\src\Illuminate\Database\Connection.php on line 571
[15-Jan-2025 01:12:56 Asia/Irkutsk] PHP Fatal error:  Maximum execution time of 30 seconds exceeded in C:\Users\user\Downloads\АСЬКА\my-project\vendor\laravel\framework\src\Illuminate\Database\Connection.php on line 812
[15-Jan-2025 01:15:22 Asia/Irkutsk] PHP Warning:  Uncaught PDOException: SQLSTATE[HY000]: General error: 5 database is locked in C:\Users\user\Downloads\АСЬКА\my-project\vendor\laravel\framework\src\Illuminate\Database\Connection.php:596
Stack trace:
#0 C:\Users\user\Downloads\АСЬКА\my-project\vendor\laravel\framework\src\Illuminate\Database\Connection.php(596): PDOStatement->execute()
#1 C:\Users\user\Downloads\АСЬКА\my-project\vendor\laravel\framework\src\Illuminate\Database\Connection.php(812): Illuminate\Database\Connection->Illuminate\Database\{closure}('update "session...', Array)
#2 C:\Users\user\Downloads\АСЬКА\my-project\vendor\laravel\framework\src\Illuminate\Database\Connection.php(779): Illuminate\Database\Connection->runQueryCallback('update "session...', Array, Object(Closure))
#3 C:\Users\user\Downloads\АСЬКА\my-project\vendor\laravel\framework\src\Illuminate\Database\Connection.php(584): Illuminate\Database\Connection->run('update "session...', Array, Object(Closure))
#4 C:\Users\user\Downloads\АСЬКА\my-project\vendor\laravel\framework\src\Illuminate\Database\Connection.php(536): Illuminate\Database\Connection->affectingStatement('update "session...', Array)
#5 C:\Users\user\Downloads\АСЬКА\my-project\vendor\laravel\framework\src\Illuminate\Database\Query\Builder.php(3866): Illuminate\Database\Connection->update('update "session...', Array)
#6 C:\Users\user\Downloads\АСЬКА\my-project\vendor\laravel\framework\src\Illuminate\Session\DatabaseSessionHandler.php(173): Illuminate\Database\Query\Builder->update(Object(Illuminate\Support\Collection))
#7 C:\Users\user\Downloads\АСЬКА\my-project\vendor\laravel\framework\src\Illuminate\Session\DatabaseSessionHandler.php(140): Illuminate\Session\DatabaseSessionHandler->performUpdate('l9B3haLzK4veFu1...', Array)
#8 C:\Users\user\Downloads\АСЬКА\my-project\vendor\laravel\framework\src\Illuminate\Session\Store.php(175): Illuminate\Session\DatabaseSessionHandler->write('l9B3haLzK4veFu1...', 'a:3:{s:6:"_toke...')
#9 C:\Users\user\Downloads\АСЬКА\my-project\vendor\laravel\framework\src\Illuminate\Session\Middleware\StartSession.php(245): Illuminate\Session\Store->save()
#10 C:\Users\user\Downloads\АСЬКА\my-project\vendor\laravel\framework\src\Illuminate\Session\Middleware\StartSession.php(130): Illuminate\Session\Middleware\StartSession->saveSession(Object(Illuminate\Http\Request))
#11 C:\Users\user\Downloads\АСЬКА\my-project\vendor\laravel\framework\src\Illuminate\Session\Middleware\StartSession.php(64): Illuminate\Session\Middleware\StartSession->handleStatefulRequest(Object(Illuminate\Http\Request), Object(Illuminate\Session\Store), Object(Closure))
#12 C:\Users\user\Downloads\АСЬКА\my-project\vendor\laravel\framework\src\Illuminate\Pipeline\Pipeline.php(183): Illuminate\Session\Middleware\StartSession->handle(Object(Illuminate\Http\Request), Object(Closure))
#13 C:\Users\user\Downloads\АСЬКА\my-project\vendor\laravel\framework\src\Illuminate\Cookie\Middleware\AddQueuedCookiesToResponse.php(37): Illuminate\Pipeline\Pipeline->Illuminate\Pipeline\{closure}(Object(Illuminate\Http\Request))
#14 C:\Users\user\Downloads\АСЬКА\my-project\vendor\laravel\framework\src\Illuminate\Pipeline\Pipeline.php(183): Illuminate\Cookie\Middleware\AddQueuedCookiesToResponse->handle(Object(Illuminate\Http\Request), Object(Closure))
#15 C:\Users\user\Downloads\АСЬКА\my-project\vendor\laravel\framework\src\Illuminate\Cookie\Middleware\EncryptCookies.php(75): Illuminate\Pipeline\Pipeline->Illuminate\Pipeline\{closure}(Object(Illuminate\Http\Request))
#16 C:\Users\user\Downloads\АСЬКА\my-project\vendor\laravel\framework\src\Illuminate\Pipeline\Pipeline.php(183): Illuminate\Cookie\Middleware\EncryptCookies->handle(Object(Illuminate\Http\Request), Object(Closure))
#17 C:\Users\user\Downloads\АСЬКА\my-project\vendor\laravel\framework\src\Illuminate\Pipeline\Pipeline.php(119): Illuminate\Pipeline\Pipeline->Illuminate\Pipeline\{closure}(Object(Illuminate\Http\Request))
#18 C:\Users\user\Downloads\АСЬКА\my-project\vendor\laravel\framework\src\Illuminate\Routing\Router.php(807): Illuminate\Pipeline\Pipeline->then(Object(Closure))
#19 C:\Users\user\Downloads\АСЬКА\my-project\vendor\laravel\framework\src\Illuminate\Routing\Router.php(786): Illuminate\Routing\Router->runRouteWithinStack(Object(Illuminate\Routing\Route), Object(Illuminate\Http\Request))
#20 C:\Users\user\Downloads\АСЬКА\my-project\vendor\laravel\framework\src\Illuminate\Routing\Router.php(750): Illuminate\Routing\Router->runRoute(Object(Illuminate\Http\Request), Object(Illuminate\Routing\Route))
#21 C:\Users\user\Downloads\АСЬКА\my-project\vendor\laravel\framework\src\Illuminate\Routing\Router.php(739): Illuminate\Routing\Router->dispatchToRoute(Object(Illuminate\Http\Request))
#22 C:\Users\user\Downloads\АСЬКА\my-project\vendor\laravel\framework\src\Illuminate\Foundation\Http\Kernel.php(201): Illuminate\Routing\Router->dispatch(Object(Illuminate\Http\Request))
#23 C:\Users\user\Downloads\АСЬКА\my-project\vendor\laravel\framework\src\Illuminate\Pipeline\Pipeline.php(144): Illuminate\Foundation\Http\Kernel->Illuminate\Foundation\Http\{closure}(Object(Illuminate\Http\Request))
#24 C:\Users\user\Downloads\АСЬКА\my-project\vendor\laravel\framework\src\Illuminate\Foundation\Http\Middleware\TransformsRequest.php(21): Illuminate\Pipeline\Pipeline->Illuminate\Pipeline\{closure}(Object(Illuminate\Http\Request))
#25 C:\Users\user\Downloads\АСЬКА\my-project\vendor\laravel\framework\src\Illuminate\Foundation\Http\Middleware\ConvertEmptyStringsToNull.php(31): Illuminate\Foundation\Http\Middleware\TransformsRequest->handle(Object(Illuminate\Http\Request), Object(Closure))
#26 C:\Users\user\Downloads\АСЬКА\my-project\vendor\laravel\framework\src\Illuminate\Pipeline\Pipeline.php(183): Illuminate\Foundation\Http\Middleware\ConvertEmptyStringsToNull->handle(Object(Illuminate\Http\Request), Object(Closure))
#27 C:\Users\user\Downloads\АСЬКА\my-project\vendor\laravel\framework\src\Illuminate\Foundation\Http\Middleware\TransformsRequest.php(21): Illuminate\Pipeline\Pipeline->Illuminate\Pipeline\{closure}(Object(Illuminate\Http\Request))
#28 C:\Users\user\Downloads\АСЬКА\my-project\vendor\laravel\framework\src\Illuminate\Foundation\Http\Middleware\TrimStrings.php(51): Illuminate\Foundation\Http\Middleware\TransformsRequest->handle(Object(Illuminate\Http\Request), Object(Closure))
#29 C:\Users\user\Downloads\АСЬКА\my-project\vendor\laravel\framework\src\Illuminate\Pipeline\Pipeline.php(183): Illuminate\Foundation\Http\Middleware\TrimStrings->handle(Object(Illuminate\Http\Request), Object(Closure))
#30 C:\Users\user\Downloads\АСЬКА\my-project\vendor\laravel\framework\src\Illuminate\Http\Middleware\ValidatePostSize.php(27): Illuminate\Pipeline\Pipeline->Illuminate\Pipeline\{closure}(Object(Illuminate\Http\Request))
#31 C:\Users\user\Downloads\АСЬКА\my-project\vendor\laravel\framework\src\Illuminate\Pipeline\Pipeline.php(183): Illuminate\Http\Middleware\ValidatePostSize->handle(Object(Illuminate\Http\Request), Object(Closure))
#32 C:\Users\user\Downloads\АСЬКА\my-project\vendor\laravel\framework\src\Illuminate\Foundation\Http\Middleware\PreventRequestsDuringMaintenance.php(110): Illuminate\Pipeline\Pipeline->Illuminate\Pipeline\{closure}(Object(Illuminate\Http\Request))
#33 C:\Users\user\Downloads\АСЬКА\my-project\vendor\laravel\framework\src\Illuminate\Pipeline\Pipeline.php(183): Illuminate\Foundation\Http\Middleware\PreventRequestsDuringMaintenance->handle(Object(Illuminate\Http\Request), Object(Closure))
#34 C:\Users\user\Downloads\АСЬКА\my-project\vendor\laravel\framework\src\Illuminate\Http\Middleware\HandleCors.php(49): Illuminate\Pipeline\Pipeline->Illuminate\Pipeline\{closure}(Object(Illuminate\Http\Request))
#35 C:\Users\user\Downloads\АСЬКА\my-project\vendor\laravel\framework\src\Illuminate\Pipeline\Pipeline.php(183): Illuminate\Http\Middleware\HandleCors->handle(Object(Illuminate\Http\Request), Object(Closure))
#36 C:\Users\user\Downloads\АСЬКА\my-project\vendor\laravel\framework\src\Illuminate\Http\Middleware\TrustProxies.php(58): Illuminate\Pipeline\Pipeline->Illuminate\Pipeline\{closure}(Object(Illuminate\Http\Request))
#37 C:\Users\user\Downloads\АСЬКА\my-project\vendor\laravel\framework\src\Illuminate\Pipeline\Pipeline.php(183): Illuminate\Http\Middleware\TrustProxies->handle(Object(Illuminate\Http\Request), Object(Closure))
#38 C:\Users\user\Downloads\АСЬКА\my-project\vendor\laravel\framework\src\Illuminate\Foundation\Http\Middleware\InvokeDeferredCallbacks.php(22): Illuminate\Pipeline\Pipeline->Illuminate\Pipeline\{closure}(Object(Illuminate\Http\Request))
#39 C:\Users\user\Downloads\АСЬКА\my-project\vendor\laravel\framework\src\Illuminate\Pipeline\Pipeline.php(183): Illuminate\Foundation\Http\Middleware\InvokeDeferredCallbacks->handle(Object(Illuminate\Http\Request), Object(Closure))
#40 C:\Users\user\Downloads\АСЬКА\my-project\vendor\laravel\framework\src\Illuminate\Pipeline\Pipeline.php(119): Illuminate\Pipeline\Pipeline->Illuminate\Pipeline\{closure}(Object(Illuminate\Http\Request))
#41 C:\Users\user\Downloads\АСЬКА\my-project\vendor\laravel\framework\src\Illuminate\Foundation\Http\Kernel.php(176): Illuminate\Pipeline\Pipeline->then(Object(Closure))
#42 C:\Users\user\Downloads\АСЬКА\my-project\vendor\laravel\framework\src\Illuminate\Foundation\Http\Kernel.php(145): Illuminate\Foundation\Http\Kernel->sendRequestThroughRouter(Object(Illuminate\Http\Request))
#43 C:\Users\user\Downloads\АСЬКА\my-project\vendor\laravel\framework\src\Illuminate\Foundation\Application.php(1190): Illuminate\Foundation\Http\Kernel->handle(Object(Illuminate\Http\Request))
#44 C:\Users\user\Downloads\АСЬКА\my-project\public\index.php(17): Illuminate\Foundation\Application->handleRequest(Object(Illuminate\Http\Request))
#45 C:\Users\user\Downloads\АСЬКА\my-project\vendor\laravel\framework\src\Illuminate\Foundation\resources\server.php(23): require_once('C:\\Users\\user\\D...')
#46 {main}
  thrown in C:\Users\user\Downloads\АСЬКА\my-project\vendor\laravel\framework\src\Illuminate\Database\Connection.php on line 596
[15-Jan-2025 01:15:22 Asia/Irkutsk] PHP Fatal error:  Maximum execution time of 30 seconds exceeded in C:\Users\user\Downloads\АСЬКА\my-project\vendor\laravel\framework\src\Illuminate\Database\Connection.php on line 812
[15-Jan-2025 01:16:22 Asia/Irkutsk] PHP Warning:  Uncaught PDOException: SQLSTATE[HY000]: General error: 5 database is locked in C:\Users\user\Downloads\АСЬКА\my-project\vendor\laravel\framework\src\Illuminate\Database\Connection.php:596
Stack trace:
#0 C:\Users\user\Downloads\АСЬКА\my-project\vendor\laravel\framework\src\Illuminate\Database\Connection.php(596): PDOStatement->execute()
#1 C:\Users\user\Downloads\АСЬКА\my-project\vendor\laravel\framework\src\Illuminate\Database\Connection.php(812): Illuminate\Database\Connection->Illuminate\Database\{closure}('update "session...', Array)
#2 C:\Users\user\Downloads\АСЬКА\my-project\vendor\laravel\framework\src\Illuminate\Database\Connection.php(779): Illuminate\Database\Connection->runQueryCallback('update "session...', Array, Object(Closure))
#3 C:\Users\user\Downloads\АСЬКА\my-project\vendor\laravel\framework\src\Illuminate\Database\Connection.php(584): Illuminate\Database\Connection->run('update "session...', Array, Object(Closure))
#4 C:\Users\user\Downloads\АСЬКА\my-project\vendor\laravel\framework\src\Illuminate\Database\Connection.php(536): Illuminate\Database\Connection->affectingStatement('update "session...', Array)
#5 C:\Users\user\Downloads\АСЬКА\my-project\vendor\laravel\framework\src\Illuminate\Database\Query\Builder.php(3866): Illuminate\Database\Connection->update('update "session...', Array)
#6 C:\Users\user\Downloads\АСЬКА\my-project\vendor\laravel\framework\src\Illuminate\Session\DatabaseSessionHandler.php(173): Illuminate\Database\Query\Builder->update(Object(Illuminate\Support\Collection))
#7 C:\Users\user\Downloads\АСЬКА\my-project\vendor\laravel\framework\src\Illuminate\Session\DatabaseSessionHandler.php(140): Illuminate\Session\DatabaseSessionHandler->performUpdate('l9B3haLzK4veFu1...', Array)
#8 C:\Users\user\Downloads\АСЬКА\my-project\vendor\laravel\framework\src\Illuminate\Session\Store.php(175): Illuminate\Session\DatabaseSessionHandler->write('l9B3haLzK4veFu1...', 'a:3:{s:6:"_toke...')
#9 C:\Users\user\Downloads\АСЬКА\my-project\vendor\laravel\framework\src\Illuminate\Session\Middleware\StartSession.php(245): Illuminate\Session\Store->save()
#10 C:\Users\user\Downloads\АСЬКА\my-project\vendor\laravel\framework\src\Illuminate\Session\Middleware\StartSession.php(130): Illuminate\Session\Middleware\StartSession->saveSession(Object(Illuminate\Http\Request))
#11 C:\Users\user\Downloads\АСЬКА\my-project\vendor\laravel\framework\src\Illuminate\Session\Middleware\StartSession.php(64): Illuminate\Session\Middleware\StartSession->handleStatefulRequest(Object(Illuminate\Http\Request), Object(Illuminate\Session\Store), Object(Closure))
#12 C:\Users\user\Downloads\АСЬКА\my-project\vendor\laravel\framework\src\Illuminate\Pipeline\Pipeline.php(183): Illuminate\Session\Middleware\StartSession->handle(Object(Illuminate\Http\Request), Object(Closure))
#13 C:\Users\user\Downloads\АСЬКА\my-project\vendor\laravel\framework\src\Illuminate\Cookie\Middleware\AddQueuedCookiesToResponse.php(37): Illuminate\Pipeline\Pipeline->Illuminate\Pipeline\{closure}(Object(Illuminate\Http\Request))
#14 C:\Users\user\Downloads\АСЬКА\my-project\vendor\laravel\framework\src\Illuminate\Pipeline\Pipeline.php(183): Illuminate\Cookie\Middleware\AddQueuedCookiesToResponse->handle(Object(Illuminate\Http\Request), Object(Closure))
#15 C:\Users\user\Downloads\АСЬКА\my-project\vendor\laravel\framework\src\Illuminate\Cookie\Middleware\EncryptCookies.php(75): Illuminate\Pipeline\Pipeline->Illuminate\Pipeline\{closure}(Object(Illuminate\Http\Request))
#16 C:\Users\user\Downloads\АСЬКА\my-project\vendor\laravel\framework\src\Illuminate\Pipeline\Pipeline.php(183): Illuminate\Cookie\Middleware\EncryptCookies->handle(Object(Illuminate\Http\Request), Object(Closure))
#17 C:\Users\user\Downloads\АСЬКА\my-project\vendor\laravel\framework\src\Illuminate\Pipeline\Pipeline.php(119): Illuminate\Pipeline\Pipeline->Illuminate\Pipeline\{closure}(Object(Illuminate\Http\Request))
#18 C:\Users\user\Downloads\АСЬКА\my-project\vendor\laravel\framework\src\Illuminate\Routing\Router.php(807): Illuminate\Pipeline\Pipeline->then(Object(Closure))
#19 C:\Users\user\Downloads\АСЬКА\my-project\vendor\laravel\framework\src\Illuminate\Routing\Router.php(786): Illuminate\Routing\Router->runRouteWithinStack(Object(Illuminate\Routing\Route), Object(Illuminate\Http\Request))
#20 C:\Users\user\Downloads\АСЬКА\my-project\vendor\laravel\framework\src\Illuminate\Routing\Router.php(750): Illuminate\Routing\Router->runRoute(Object(Illuminate\Http\Request), Object(Illuminate\Routing\Route))
#21 C:\Users\user\Downloads\АСЬКА\my-project\vendor\laravel\framework\src\Illuminate\Routing\Router.php(739): Illuminate\Routing\Router->dispatchToRoute(Object(Illuminate\Http\Request))
#22 C:\Users\user\Downloads\АСЬКА\my-project\vendor\laravel\framework\src\Illuminate\Foundation\Http\Kernel.php(201): Illuminate\Routing\Router->dispatch(Object(Illuminate\Http\Request))
#23 C:\Users\user\Downloads\АСЬКА\my-project\vendor\laravel\framework\src\Illuminate\Pipeline\Pipeline.php(144): Illuminate\Foundation\Http\Kernel->Illuminate\Foundation\Http\{closure}(Object(Illuminate\Http\Request))
#24 C:\Users\user\Downloads\АСЬКА\my-project\vendor\laravel\framework\src\Illuminate\Foundation\Http\Middleware\TransformsRequest.php(21): Illuminate\Pipeline\Pipeline->Illuminate\Pipeline\{closure}(Object(Illuminate\Http\Request))
#25 C:\Users\user\Downloads\АСЬКА\my-project\vendor\laravel\framework\src\Illuminate\Foundation\Http\Middleware\ConvertEmptyStringsToNull.php(31): Illuminate\Foundation\Http\Middleware\TransformsRequest->handle(Object(Illuminate\Http\Request), Object(Closure))
#26 C:\Users\user\Downloads\АСЬКА\my-project\vendor\laravel\framework\src\Illuminate\Pipeline\Pipeline.php(183): Illuminate\Foundation\Http\Middleware\ConvertEmptyStringsToNull->handle(Object(Illuminate\Http\Request), Object(Closure))
#27 C:\Users\user\Downloads\АСЬКА\my-project\vendor\laravel\framework\src\Illuminate\Foundation\Http\Middleware\TransformsRequest.php(21): Illuminate\Pipeline\Pipeline->Illuminate\Pipeline\{closure}(Object(Illuminate\Http\Request))
#28 C:\Users\user\Downloads\АСЬКА\my-project\vendor\laravel\framework\src\Illuminate\Foundation\Http\Middleware\TrimStrings.php(51): Illuminate\Foundation\Http\Middleware\TransformsRequest->handle(Object(Illuminate\Http\Request), Object(Closure))
#29 C:\Users\user\Downloads\АСЬКА\my-project\vendor\laravel\framework\src\Illuminate\Pipeline\Pipeline.php(183): Illuminate\Foundation\Http\Middleware\TrimStrings->handle(Object(Illuminate\Http\Request), Object(Closure))
#30 C:\Users\user\Downloads\АСЬКА\my-project\vendor\laravel\framework\src\Illuminate\Http\Middleware\ValidatePostSize.php(27): Illuminate\Pipeline\Pipeline->Illuminate\Pipeline\{closure}(Object(Illuminate\Http\Request))
#31 C:\Users\user\Downloads\АСЬКА\my-project\vendor\laravel\framework\src\Illuminate\Pipeline\Pipeline.php(183): Illuminate\Http\Middleware\ValidatePostSize->handle(Object(Illuminate\Http\Request), Object(Closure))
#32 C:\Users\user\Downloads\АСЬКА\my-project\vendor\laravel\framework\src\Illuminate\Foundation\Http\Middleware\PreventRequestsDuringMaintenance.php(110): Illuminate\Pipeline\Pipeline->Illuminate\Pipeline\{closure}(Object(Illuminate\Http\Request))
#33 C:\Users\user\Downloads\АСЬКА\my-project\vendor\laravel\framework\src\Illuminate\Pipeline\Pipeline.php(183): Illuminate\Foundation\Http\Middleware\PreventRequestsDuringMaintenance->handle(Object(Illuminate\Http\Request), Object(Closure))
#34 C:\Users\user\Downloads\АСЬКА\my-project\vendor\laravel\framework\src\Illuminate\Http\Middleware\HandleCors.php(49): Illuminate\Pipeline\Pipeline->Illuminate\Pipeline\{closure}(Object(Illuminate\Http\Request))
#35 C:\Users\user\Downloads\АСЬКА\my-project\vendor\laravel\framework\src\Illuminate\Pipeline\Pipeline.php(183): Illuminate\Http\Middleware\HandleCors->handle(Object(Illuminate\Http\Request), Object(Closure))
#36 C:\Users\user\Downloads\АСЬКА\my-project\vendor\laravel\framework\src\Illuminate\Http\Middleware\TrustProxies.php(58): Illuminate\Pipeline\Pipeline->Illuminate\Pipeline\{closure}(Object(Illuminate\Http\Request))
#37 C:\Users\user\Downloads\АСЬКА\my-project\vendor\laravel\framework\src\Illuminate\Pipeline\Pipeline.php(183): Illuminate\Http\Middleware\TrustProxies->handle(Object(Illuminate\Http\Request), Object(Closure))
#38 C:\Users\user\Downloads\АСЬКА\my-project\vendor\laravel\framework\src\Illuminate\Foundation\Http\Middleware\InvokeDeferredCallbacks.php(22): Illuminate\Pipeline\Pipeline->Illuminate\Pipeline\{closure}(Object(Illuminate\Http\Request))
#39 C:\Users\user\Downloads\АСЬКА\my-project\vendor\laravel\framework\src\Illuminate\Pipeline\Pipeline.php(183): Illuminate\Foundation\Http\Middleware\InvokeDeferredCallbacks->handle(Object(Illuminate\Http\Request), Object(Closure))
#40 C:\Users\user\Downloads\АСЬКА\my-project\vendor\laravel\framework\src\Illuminate\Pipeline\Pipeline.php(119): Illuminate\Pipeline\Pipeline->Illuminate\Pipeline\{closure}(Object(Illuminate\Http\Request))
#41 C:\Users\user\Downloads\АСЬКА\my-project\vendor\laravel\framework\src\Illuminate\Foundation\Http\Kernel.php(176): Illuminate\Pipeline\Pipeline->then(Object(Closure))
#42 C:\Users\user\Downloads\АСЬКА\my-project\vendor\laravel\framework\src\Illuminate\Foundation\Http\Kernel.php(145): Illuminate\Foundation\Http\Kernel->sendRequestThroughRouter(Object(Illuminate\Http\Request))
#43 C:\Users\user\Downloads\АСЬКА\my-project\vendor\laravel\framework\src\Illuminate\Foundation\Application.php(1190): Illuminate\Foundation\Http\Kernel->handle(Object(Illuminate\Http\Request))
#44 C:\Users\user\Downloads\АСЬКА\my-project\public\index.php(17): Illuminate\Foundation\Application->handleRequest(Object(Illuminate\Http\Request))
#45 C:\Users\user\Downloads\АСЬКА\my-project\vendor\laravel\framework\src\Illuminate\Foundation\resources\server.php(23): require_once('C:\\Users\\user\\D...')
#46 {main}
  thrown in C:\Users\user\Downloads\АСЬКА\my-project\vendor\laravel\framework\src\Illuminate\Database\Connection.php on line 596
[15-Jan-2025 01:16:22 Asia/Irkutsk] PHP Fatal error:  Maximum execution time of 30 seconds exceeded in C:\Users\user\Downloads\АСЬКА\my-project\vendor\laravel\framework\src\Illuminate\Database\Connection.php on line 812
[15-Jan-2025 01:18:23 Asia/Irkutsk] PHP Warning:  Uncaught PDOException: SQLSTATE[HY000]: General error: 5 database is locked in C:\Users\user\Downloads\АСЬКА\my-project\vendor\laravel\framework\src\Illuminate\Database\Connection.php:571
Stack trace:
#0 C:\Users\user\Downloads\АСЬКА\my-project\vendor\laravel\framework\src\Illuminate\Database\Connection.php(571): PDOStatement->execute()
#1 C:\Users\user\Downloads\АСЬКА\my-project\vendor\laravel\framework\src\Illuminate\Database\Connection.php(812): Illuminate\Database\Connection->Illuminate\Database\{closure}('insert into "se...', Array)
#2 C:\Users\user\Downloads\АСЬКА\my-project\vendor\laravel\framework\src\Illuminate\Database\Connection.php(779): Illuminate\Database\Connection->runQueryCallback('insert into "se...', Array, Object(Closure))
#3 C:\Users\user\Downloads\АСЬКА\my-project\vendor\laravel\framework\src\Illuminate\Database\Connection.php(560): Illuminate\Database\Connection->run('insert into "se...', Array, Object(Closure))
#4 C:\Users\user\Downloads\АСЬКА\my-project\vendor\laravel\framework\src\Illuminate\Database\Connection.php(524): Illuminate\Database\Connection->statement('insert into "se...', Array)
#5 C:\Users\user\Downloads\АСЬКА\my-project\vendor\laravel\framework\src\Illuminate\Database\Query\Builder.php(3748): Illuminate\Database\Connection->insert('insert into "se...', Array)
#6 C:\Users\user\Downloads\АСЬКА\my-project\vendor\laravel\framework\src\Illuminate\Session\DatabaseSessionHandler.php(158): Illuminate\Database\Query\Builder->insert(Array)
#7 C:\Users\user\Downloads\АСЬКА\my-project\vendor\laravel\framework\src\Illuminate\Session\DatabaseSessionHandler.php(142): Illuminate\Session\DatabaseSessionHandler->performInsert('0J6I3SXtRT749VE...', Array)
#8 C:\Users\user\Downloads\АСЬКА\my-project\vendor\laravel\framework\src\Illuminate\Session\Store.php(175): Illuminate\Session\DatabaseSessionHandler->write('0J6I3SXtRT749VE...', 'a:3:{s:6:"_toke...')
#9 C:\Users\user\Downloads\АСЬКА\my-project\vendor\laravel\framework\src\Illuminate\Session\Middleware\StartSession.php(245): Illuminate\Session\Store->save()
#10 C:\Users\user\Downloads\АСЬКА\my-project\vendor\laravel\framework\src\Illuminate\Session\Middleware\StartSession.php(130): Illuminate\Session\Middleware\StartSession->saveSession(Object(Illuminate\Http\Request))
#11 C:\Users\user\Downloads\АСЬКА\my-project\vendor\laravel\framework\src\Illuminate\Session\Middleware\StartSession.php(64): Illuminate\Session\Middleware\StartSession->handleStatefulRequest(Object(Illuminate\Http\Request), Object(Illuminate\Session\Store), Object(Closure))
#12 C:\Users\user\Downloads\АСЬКА\my-project\vendor\laravel\framework\src\Illuminate\Pipeline\Pipeline.php(183): Illuminate\Session\Middleware\StartSession->handle(Object(Illuminate\Http\Request), Object(Closure))
#13 C:\Users\user\Downloads\АСЬКА\my-project\vendor\laravel\framework\src\Illuminate\Cookie\Middleware\AddQueuedCookiesToResponse.php(37): Illuminate\Pipeline\Pipeline->Illuminate\Pipeline\{closure}(Object(Illuminate\Http\Request))
#14 C:\Users\user\Downloads\АСЬКА\my-project\vendor\laravel\framework\src\Illuminate\Pipeline\Pipeline.php(183): Illuminate\Cookie\Middleware\AddQueuedCookiesToResponse->handle(Object(Illuminate\Http\Request), Object(Closure))
#15 C:\Users\user\Downloads\АСЬКА\my-project\vendor\laravel\framework\src\Illuminate\Cookie\Middleware\EncryptCookies.php(75): Illuminate\Pipeline\Pipeline->Illuminate\Pipeline\{closure}(Object(Illuminate\Http\Request))
#16 C:\Users\user\Downloads\АСЬКА\my-project\vendor\laravel\framework\src\Illuminate\Pipeline\Pipeline.php(183): Illuminate\Cookie\Middleware\EncryptCookies->handle(Object(Illuminate\Http\Request), Object(Closure))
#17 C:\Users\user\Downloads\АСЬКА\my-project\vendor\laravel\framework\src\Illuminate\Pipeline\Pipeline.php(119): Illuminate\Pipeline\Pipeline->Illuminate\Pipeline\{closure}(Object(Illuminate\Http\Request))
#18 C:\Users\user\Downloads\АСЬКА\my-project\vendor\laravel\framework\src\Illuminate\Routing\Router.php(807): Illuminate\Pipeline\Pipeline->then(Object(Closure))
#19 C:\Users\user\Downloads\АСЬКА\my-project\vendor\laravel\framework\src\Illuminate\Routing\Router.php(786): Illuminate\Routing\Router->runRouteWithinStack(Object(Illuminate\Routing\Route), Object(Illuminate\Http\Request))
#20 C:\Users\user\Downloads\АСЬКА\my-project\vendor\laravel\framework\src\Illuminate\Routing\Router.php(750): Illuminate\Routing\Router->runRoute(Object(Illuminate\Http\Request), Object(Illuminate\Routing\Route))
#21 C:\Users\user\Downloads\АСЬКА\my-project\vendor\laravel\framework\src\Illuminate\Routing\Router.php(739): Illuminate\Routing\Router->dispatchToRoute(Object(Illuminate\Http\Request))
#22 C:\Users\user\Downloads\АСЬКА\my-project\vendor\laravel\framework\src\Illuminate\Foundation\Http\Kernel.php(201): Illuminate\Routing\Router->dispatch(Object(Illuminate\Http\Request))
#23 C:\Users\user\Downloads\АСЬКА\my-project\vendor\laravel\framework\src\Illuminate\Pipeline\Pipeline.php(144): Illuminate\Foundation\Http\Kernel->Illuminate\Foundation\Http\{closure}(Object(Illuminate\Http\Request))
#24 C:\Users\user\Downloads\АСЬКА\my-project\vendor\laravel\framework\src\Illuminate\Foundation\Http\Middleware\TransformsRequest.php(21): Illuminate\Pipeline\Pipeline->Illuminate\Pipeline\{closure}(Object(Illuminate\Http\Request))
#25 C:\Users\user\Downloads\АСЬКА\my-project\vendor\laravel\framework\src\Illuminate\Foundation\Http\Middleware\ConvertEmptyStringsToNull.php(31): Illuminate\Foundation\Http\Middleware\TransformsRequest->handle(Object(Illuminate\Http\Request), Object(Closure))
#26 C:\Users\user\Downloads\АСЬКА\my-project\vendor\laravel\framework\src\Illuminate\Pipeline\Pipeline.php(183): Illuminate\Foundation\Http\Middleware\ConvertEmptyStringsToNull->handle(Object(Illuminate\Http\Request), Object(Closure))
#27 C:\Users\user\Downloads\АСЬКА\my-project\vendor\laravel\framework\src\Illuminate\Foundation\Http\Middleware\TransformsRequest.php(21): Illuminate\Pipeline\Pipeline->Illuminate\Pipeline\{closure}(Object(Illuminate\Http\Request))
#28 C:\Users\user\Downloads\АСЬКА\my-project\vendor\laravel\framework\src\Illuminate\Foundation\Http\Middleware\TrimStrings.php(51): Illuminate\Foundation\Http\Middleware\TransformsRequest->handle(Object(Illuminate\Http\Request), Object(Closure))
#29 C:\Users\user\Downloads\АСЬКА\my-project\vendor\laravel\framework\src\Illuminate\Pipeline\Pipeline.php(183): Illuminate\Foundation\Http\Middleware\TrimStrings->handle(Object(Illuminate\Http\Request), Object(Closure))
#30 C:\Users\user\Downloads\АСЬКА\my-project\vendor\laravel\framework\src\Illuminate\Http\Middleware\ValidatePostSize.php(27): Illuminate\Pipeline\Pipeline->Illuminate\Pipeline\{closure}(Object(Illuminate\Http\Request))
#31 C:\Users\user\Downloads\АСЬКА\my-project\vendor\laravel\framework\src\Illuminate\Pipeline\Pipeline.php(183): Illuminate\Http\Middleware\ValidatePostSize->handle(Object(Illuminate\Http\Request), Object(Closure))
#32 C:\Users\user\Downloads\АСЬКА\my-project\vendor\laravel\framework\src\Illuminate\Foundation\Http\Middleware\PreventRequestsDuringMaintenance.php(110): Illuminate\Pipeline\Pipeline->Illuminate\Pipeline\{closure}(Object(Illuminate\Http\Request))
#33 C:\Users\user\Downloads\АСЬКА\my-project\vendor\laravel\framework\src\Illuminate\Pipeline\Pipeline.php(183): Illuminate\Foundation\Http\Middleware\PreventRequestsDuringMaintenance->handle(Object(Illuminate\Http\Request), Object(Closure))
#34 C:\Users\user\Downloads\АСЬКА\my-project\vendor\laravel\framework\src\Illuminate\Http\Middleware\HandleCors.php(49): Illuminate\Pipeline\Pipeline->Illuminate\Pipeline\{closure}(Object(Illuminate\Http\Request))
#35 C:\Users\user\Downloads\АСЬКА\my-project\vendor\laravel\framework\src\Illuminate\Pipeline\Pipeline.php(183): Illuminate\Http\Middleware\HandleCors->handle(Object(Illuminate\Http\Request), Object(Closure))
#36 C:\Users\user\Downloads\АСЬКА\my-project\vendor\laravel\framework\src\Illuminate\Http\Middleware\TrustProxies.php(58): Illuminate\Pipeline\Pipeline->Illuminate\Pipeline\{closure}(Object(Illuminate\Http\Request))
#37 C:\Users\user\Downloads\АСЬКА\my-project\vendor\laravel\framework\src\Illuminate\Pipeline\Pipeline.php(183): Illuminate\Http\Middleware\TrustProxies->handle(Object(Illuminate\Http\Request), Object(Closure))
#38 C:\Users\user\Downloads\АСЬКА\my-project\vendor\laravel\framework\src\Illuminate\Foundation\Http\Middleware\InvokeDeferredCallbacks.php(22): Illuminate\Pipeline\Pipeline->Illuminate\Pipeline\{closure}(Object(Illuminate\Http\Request))
#39 C:\Users\user\Downloads\АСЬКА\my-project\vendor\laravel\framework\src\Illuminate\Pipeline\Pipeline.php(183): Illuminate\Foundation\Http\Middleware\InvokeDeferredCallbacks->handle(Object(Illuminate\Http\Request), Object(Closure))
#40 C:\Users\user\Downloads\АСЬКА\my-project\vendor\laravel\framework\src\Illuminate\Pipeline\Pipeline.php(119): Illuminate\Pipeline\Pipeline->Illuminate\Pipeline\{closure}(Object(Illuminate\Http\Request))
#41 C:\Users\user\Downloads\АСЬКА\my-project\vendor\laravel\framework\src\Illuminate\Foundation\Http\Kernel.php(176): Illuminate\Pipeline\Pipeline->then(Object(Closure))
#42 C:\Users\user\Downloads\АСЬКА\my-project\vendor\laravel\framework\src\Illuminate\Foundation\Http\Kernel.php(145): Illuminate\Foundation\Http\Kernel->sendRequestThroughRouter(Object(Illuminate\Http\Request))
#43 C:\Users\user\Downloads\АСЬКА\my-project\vendor\laravel\framework\src\Illuminate\Foundation\Application.php(1190): Illuminate\Foundation\Http\Kernel->handle(Object(Illuminate\Http\Request))
#44 C:\Users\user\Downloads\АСЬКА\my-project\public\index.php(17): Illuminate\Foundation\Application->handleRequest(Object(Illuminate\Http\Request))
#45 C:\Users\user\Downloads\АСЬКА\my-project\vendor\laravel\framework\src\Illuminate\Foundation\resources\server.php(23): require_once('C:\\Users\\user\\D...')
#46 {main}
  thrown in C:\Users\user\Downloads\АСЬКА\my-project\vendor\laravel\framework\src\Illuminate\Database\Connection.php on line 571
[15-Jan-2025 01:18:23 Asia/Irkutsk] PHP Fatal error:  Maximum execution time of 30 seconds exceeded in C:\Users\user\Downloads\АСЬКА\my-project\vendor\laravel\framework\src\Illuminate\Database\Connection.php on line 812
[15-Jan-2025 01:19:24 Asia/Irkutsk] PHP Warning:  Uncaught PDOException: SQLSTATE[HY000]: General error: 5 database is locked in C:\Users\user\Downloads\АСЬКА\my-project\vendor\laravel\framework\src\Illuminate\Database\Connection.php:571
Stack trace:
#0 C:\Users\user\Downloads\АСЬКА\my-project\vendor\laravel\framework\src\Illuminate\Database\Connection.php(571): PDOStatement->execute()
#1 C:\Users\user\Downloads\АСЬКА\my-project\vendor\laravel\framework\src\Illuminate\Database\Connection.php(812): Illuminate\Database\Connection->Illuminate\Database\{closure}('insert into "se...', Array)
#2 C:\Users\user\Downloads\АСЬКА\my-project\vendor\laravel\framework\src\Illuminate\Database\Connection.php(779): Illuminate\Database\Connection->runQueryCallback('insert into "se...', Array, Object(Closure))
#3 C:\Users\user\Downloads\АСЬКА\my-project\vendor\laravel\framework\src\Illuminate\Database\Connection.php(560): Illuminate\Database\Connection->run('insert into "se...', Array, Object(Closure))
#4 C:\Users\user\Downloads\АСЬКА\my-project\vendor\laravel\framework\src\Illuminate\Database\Connection.php(524): Illuminate\Database\Connection->statement('insert into "se...', Array)
#5 C:\Users\user\Downloads\АСЬКА\my-project\vendor\laravel\framework\src\Illuminate\Database\Query\Builder.php(3748): Illuminate\Database\Connection->insert('insert into "se...', Array)
#6 C:\Users\user\Downloads\АСЬКА\my-project\vendor\laravel\framework\src\Illuminate\Session\DatabaseSessionHandler.php(158): Illuminate\Database\Query\Builder->insert(Array)
#7 C:\Users\user\Downloads\АСЬКА\my-project\vendor\laravel\framework\src\Illuminate\Session\DatabaseSessionHandler.php(142): Illuminate\Session\DatabaseSessionHandler->performInsert('fXdzg9YhD86xXE5...', Array)
#8 C:\Users\user\Downloads\АСЬКА\my-project\vendor\laravel\framework\src\Illuminate\Session\Store.php(175): Illuminate\Session\DatabaseSessionHandler->write('fXdzg9YhD86xXE5...', 'a:3:{s:6:"_toke...')
#9 C:\Users\user\Downloads\АСЬКА\my-project\vendor\laravel\framework\src\Illuminate\Session\Middleware\StartSession.php(245): Illuminate\Session\Store->save()
#10 C:\Users\user\Downloads\АСЬКА\my-project\vendor\laravel\framework\src\Illuminate\Session\Middleware\StartSession.php(130): Illuminate\Session\Middleware\StartSession->saveSession(Object(Illuminate\Http\Request))
#11 C:\Users\user\Downloads\АСЬКА\my-project\vendor\laravel\framework\src\Illuminate\Session\Middleware\StartSession.php(64): Illuminate\Session\Middleware\StartSession->handleStatefulRequest(Object(Illuminate\Http\Request), Object(Illuminate\Session\Store), Object(Closure))
#12 C:\Users\user\Downloads\АСЬКА\my-project\vendor\laravel\framework\src\Illuminate\Pipeline\Pipeline.php(183): Illuminate\Session\Middleware\StartSession->handle(Object(Illuminate\Http\Request), Object(Closure))
#13 C:\Users\user\Downloads\АСЬКА\my-project\vendor\laravel\framework\src\Illuminate\Cookie\Middleware\AddQueuedCookiesToResponse.php(37): Illuminate\Pipeline\Pipeline->Illuminate\Pipeline\{closure}(Object(Illuminate\Http\Request))
#14 C:\Users\user\Downloads\АСЬКА\my-project\vendor\laravel\framework\src\Illuminate\Pipeline\Pipeline.php(183): Illuminate\Cookie\Middleware\AddQueuedCookiesToResponse->handle(Object(Illuminate\Http\Request), Object(Closure))
#15 C:\Users\user\Downloads\АСЬКА\my-project\vendor\laravel\framework\src\Illuminate\Cookie\Middleware\EncryptCookies.php(75): Illuminate\Pipeline\Pipeline->Illuminate\Pipeline\{closure}(Object(Illuminate\Http\Request))
#16 C:\Users\user\Downloads\АСЬКА\my-project\vendor\laravel\framework\src\Illuminate\Pipeline\Pipeline.php(183): Illuminate\Cookie\Middleware\EncryptCookies->handle(Object(Illuminate\Http\Request), Object(Closure))
#17 C:\Users\user\Downloads\АСЬКА\my-project\vendor\laravel\framework\src\Illuminate\Pipeline\Pipeline.php(119): Illuminate\Pipeline\Pipeline->Illuminate\Pipeline\{closure}(Object(Illuminate\Http\Request))
#18 C:\Users\user\Downloads\АСЬКА\my-project\vendor\laravel\framework\src\Illuminate\Routing\Router.php(807): Illuminate\Pipeline\Pipeline->then(Object(Closure))
#19 C:\Users\user\Downloads\АСЬКА\my-project\vendor\laravel\framework\src\Illuminate\Routing\Router.php(786): Illuminate\Routing\Router->runRouteWithinStack(Object(Illuminate\Routing\Route), Object(Illuminate\Http\Request))
#20 C:\Users\user\Downloads\АСЬКА\my-project\vendor\laravel\framework\src\Illuminate\Routing\Router.php(750): Illuminate\Routing\Router->runRoute(Object(Illuminate\Http\Request), Object(Illuminate\Routing\Route))
#21 C:\Users\user\Downloads\АСЬКА\my-project\vendor\laravel\framework\src\Illuminate\Routing\Router.php(739): Illuminate\Routing\Router->dispatchToRoute(Object(Illuminate\Http\Request))
#22 C:\Users\user\Downloads\АСЬКА\my-project\vendor\laravel\framework\src\Illuminate\Foundation\Http\Kernel.php(201): Illuminate\Routing\Router->dispatch(Object(Illuminate\Http\Request))
#23 C:\Users\user\Downloads\АСЬКА\my-project\vendor\laravel\framework\src\Illuminate\Pipeline\Pipeline.php(144): Illuminate\Foundation\Http\Kernel->Illuminate\Foundation\Http\{closure}(Object(Illuminate\Http\Request))
#24 C:\Users\user\Downloads\АСЬКА\my-project\vendor\laravel\framework\src\Illuminate\Foundation\Http\Middleware\TransformsRequest.php(21): Illuminate\Pipeline\Pipeline->Illuminate\Pipeline\{closure}(Object(Illuminate\Http\Request))
#25 C:\Users\user\Downloads\АСЬКА\my-project\vendor\laravel\framework\src\Illuminate\Foundation\Http\Middleware\ConvertEmptyStringsToNull.php(31): Illuminate\Foundation\Http\Middleware\TransformsRequest->handle(Object(Illuminate\Http\Request), Object(Closure))
#26 C:\Users\user\Downloads\АСЬКА\my-project\vendor\laravel\framework\src\Illuminate\Pipeline\Pipeline.php(183): Illuminate\Foundation\Http\Middleware\ConvertEmptyStringsToNull->handle(Object(Illuminate\Http\Request), Object(Closure))
#27 C:\Users\user\Downloads\АСЬКА\my-project\vendor\laravel\framework\src\Illuminate\Foundation\Http\Middleware\TransformsRequest.php(21): Illuminate\Pipeline\Pipeline->Illuminate\Pipeline\{closure}(Object(Illuminate\Http\Request))
#28 C:\Users\user\Downloads\АСЬКА\my-project\vendor\laravel\framework\src\Illuminate\Foundation\Http\Middleware\TrimStrings.php(51): Illuminate\Foundation\Http\Middleware\TransformsRequest->handle(Object(Illuminate\Http\Request), Object(Closure))
#29 C:\Users\user\Downloads\АСЬКА\my-project\vendor\laravel\framework\src\Illuminate\Pipeline\Pipeline.php(183): Illuminate\Foundation\Http\Middleware\TrimStrings->handle(Object(Illuminate\Http\Request), Object(Closure))
#30 C:\Users\user\Downloads\АСЬКА\my-project\vendor\laravel\framework\src\Illuminate\Http\Middleware\ValidatePostSize.php(27): Illuminate\Pipeline\Pipeline->Illuminate\Pipeline\{closure}(Object(Illuminate\Http\Request))
#31 C:\Users\user\Downloads\АСЬКА\my-project\vendor\laravel\framework\src\Illuminate\Pipeline\Pipeline.php(183): Illuminate\Http\Middleware\ValidatePostSize->handle(Object(Illuminate\Http\Request), Object(Closure))
#32 C:\Users\user\Downloads\АСЬКА\my-project\vendor\laravel\framework\src\Illuminate\Foundation\Http\Middleware\PreventRequestsDuringMaintenance.php(110): Illuminate\Pipeline\Pipeline->Illuminate\Pipeline\{closure}(Object(Illuminate\Http\Request))
#33 C:\Users\user\Downloads\АСЬКА\my-project\vendor\laravel\framework\src\Illuminate\Pipeline\Pipeline.php(183): Illuminate\Foundation\Http\Middleware\PreventRequestsDuringMaintenance->handle(Object(Illuminate\Http\Request), Object(Closure))
#34 C:\Users\user\Downloads\АСЬКА\my-project\vendor\laravel\framework\src\Illuminate\Http\Middleware\HandleCors.php(49): Illuminate\Pipeline\Pipeline->Illuminate\Pipeline\{closure}(Object(Illuminate\Http\Request))
#35 C:\Users\user\Downloads\АСЬКА\my-project\vendor\laravel\framework\src\Illuminate\Pipeline\Pipeline.php(183): Illuminate\Http\Middleware\HandleCors->handle(Object(Illuminate\Http\Request), Object(Closure))
#36 C:\Users\user\Downloads\АСЬКА\my-project\vendor\laravel\framework\src\Illuminate\Http\Middleware\TrustProxies.php(58): Illuminate\Pipeline\Pipeline->Illuminate\Pipeline\{closure}(Object(Illuminate\Http\Request))
#37 C:\Users\user\Downloads\АСЬКА\my-project\vendor\laravel\framework\src\Illuminate\Pipeline\Pipeline.php(183): Illuminate\Http\Middleware\TrustProxies->handle(Object(Illuminate\Http\Request), Object(Closure))
#38 C:\Users\user\Downloads\АСЬКА\my-project\vendor\laravel\framework\src\Illuminate\Foundation\Http\Middleware\InvokeDeferredCallbacks.php(22): Illuminate\Pipeline\Pipeline->Illuminate\Pipeline\{closure}(Object(Illuminate\Http\Request))
#39 C:\Users\user\Downloads\АСЬКА\my-project\vendor\laravel\framework\src\Illuminate\Pipeline\Pipeline.php(183): Illuminate\Foundation\Http\Middleware\InvokeDeferredCallbacks->handle(Object(Illuminate\Http\Request), Object(Closure))
#40 C:\Users\user\Downloads\АСЬКА\my-project\vendor\laravel\framework\src\Illuminate\Pipeline\Pipeline.php(119): Illuminate\Pipeline\Pipeline->Illuminate\Pipeline\{closure}(Object(Illuminate\Http\Request))
#41 C:\Users\user\Downloads\АСЬКА\my-project\vendor\laravel\framework\src\Illuminate\Foundation\Http\Kernel.php(176): Illuminate\Pipeline\Pipeline->then(Object(Closure))
#42 C:\Users\user\Downloads\АСЬКА\my-project\vendor\laravel\framework\src\Illuminate\Foundation\Http\Kernel.php(145): Illuminate\Foundation\Http\Kernel->sendRequestThroughRouter(Object(Illuminate\Http\Request))
#43 C:\Users\user\Downloads\АСЬКА\my-project\vendor\laravel\framework\src\Illuminate\Foundation\Application.php(1190): Illuminate\Foundation\Http\Kernel->handle(Object(Illuminate\Http\Request))
#44 C:\Users\user\Downloads\АСЬКА\my-project\public\index.php(17): Illuminate\Foundation\Application->handleRequest(Object(Illuminate\Http\Request))
#45 C:\Users\user\Downloads\АСЬКА\my-project\vendor\laravel\framework\src\Illuminate\Foundation\resources\server.php(23): require_once('C:\\Users\\user\\D...')
#46 {main}
  thrown in C:\Users\user\Downloads\АСЬКА\my-project\vendor\laravel\framework\src\Illuminate\Database\Connection.php on line 571
[15-Jan-2025 01:19:24 Asia/Irkutsk] PHP Fatal error:  Maximum execution time of 30 seconds exceeded in C:\Users\user\Downloads\АСЬКА\my-project\vendor\laravel\framework\src\Illuminate\Database\Connection.php on line 812
[15-Jan-2025 01:20:24 Asia/Irkutsk] PHP Warning:  Uncaught PDOException: SQLSTATE[HY000]: General error: 5 database is locked in C:\Users\user\Downloads\АСЬКА\my-project\vendor\laravel\framework\src\Illuminate\Database\Connection.php:596
Stack trace:
#0 C:\Users\user\Downloads\АСЬКА\my-project\vendor\laravel\framework\src\Illuminate\Database\Connection.php(596): PDOStatement->execute()
#1 C:\Users\user\Downloads\АСЬКА\my-project\vendor\laravel\framework\src\Illuminate\Database\Connection.php(812): Illuminate\Database\Connection->Illuminate\Database\{closure}('update "session...', Array)
#2 C:\Users\user\Downloads\АСЬКА\my-project\vendor\laravel\framework\src\Illuminate\Database\Connection.php(779): Illuminate\Database\Connection->runQueryCallback('update "session...', Array, Object(Closure))
#3 C:\Users\user\Downloads\АСЬКА\my-project\vendor\laravel\framework\src\Illuminate\Database\Connection.php(584): Illuminate\Database\Connection->run('update "session...', Array, Object(Closure))
#4 C:\Users\user\Downloads\АСЬКА\my-project\vendor\laravel\framework\src\Illuminate\Database\Connection.php(536): Illuminate\Database\Connection->affectingStatement('update "session...', Array)
#5 C:\Users\user\Downloads\АСЬКА\my-project\vendor\laravel\framework\src\Illuminate\Database\Query\Builder.php(3866): Illuminate\Database\Connection->update('update "session...', Array)
#6 C:\Users\user\Downloads\АСЬКА\my-project\vendor\laravel\framework\src\Illuminate\Session\DatabaseSessionHandler.php(173): Illuminate\Database\Query\Builder->update(Object(Illuminate\Support\Collection))
#7 C:\Users\user\Downloads\АСЬКА\my-project\vendor\laravel\framework\src\Illuminate\Session\DatabaseSessionHandler.php(140): Illuminate\Session\DatabaseSessionHandler->performUpdate('l9B3haLzK4veFu1...', Array)
#8 C:\Users\user\Downloads\АСЬКА\my-project\vendor\laravel\framework\src\Illuminate\Session\Store.php(175): Illuminate\Session\DatabaseSessionHandler->write('l9B3haLzK4veFu1...', 'a:3:{s:6:"_toke...')
#9 C:\Users\user\Downloads\АСЬКА\my-project\vendor\laravel\framework\src\Illuminate\Session\Middleware\StartSession.php(245): Illuminate\Session\Store->save()
#10 C:\Users\user\Downloads\АСЬКА\my-project\vendor\laravel\framework\src\Illuminate\Session\Middleware\StartSession.php(130): Illuminate\Session\Middleware\StartSession->saveSession(Object(Illuminate\Http\Request))
#11 C:\Users\user\Downloads\АСЬКА\my-project\vendor\laravel\framework\src\Illuminate\Session\Middleware\StartSession.php(64): Illuminate\Session\Middleware\StartSession->handleStatefulRequest(Object(Illuminate\Http\Request), Object(Illuminate\Session\Store), Object(Closure))
#12 C:\Users\user\Downloads\АСЬКА\my-project\vendor\laravel\framework\src\Illuminate\Pipeline\Pipeline.php(183): Illuminate\Session\Middleware\StartSession->handle(Object(Illuminate\Http\Request), Object(Closure))
#13 C:\Users\user\Downloads\АСЬКА\my-project\vendor\laravel\framework\src\Illuminate\Cookie\Middleware\AddQueuedCookiesToResponse.php(37): Illuminate\Pipeline\Pipeline->Illuminate\Pipeline\{closure}(Object(Illuminate\Http\Request))
#14 C:\Users\user\Downloads\АСЬКА\my-project\vendor\laravel\framework\src\Illuminate\Pipeline\Pipeline.php(183): Illuminate\Cookie\Middleware\AddQueuedCookiesToResponse->handle(Object(Illuminate\Http\Request), Object(Closure))
#15 C:\Users\user\Downloads\АСЬКА\my-project\vendor\laravel\framework\src\Illuminate\Cookie\Middleware\EncryptCookies.php(75): Illuminate\Pipeline\Pipeline->Illuminate\Pipeline\{closure}(Object(Illuminate\Http\Request))
#16 C:\Users\user\Downloads\АСЬКА\my-project\vendor\laravel\framework\src\Illuminate\Pipeline\Pipeline.php(183): Illuminate\Cookie\Middleware\EncryptCookies->handle(Object(Illuminate\Http\Request), Object(Closure))
#17 C:\Users\user\Downloads\АСЬКА\my-project\vendor\laravel\framework\src\Illuminate\Pipeline\Pipeline.php(119): Illuminate\Pipeline\Pipeline->Illuminate\Pipeline\{closure}(Object(Illuminate\Http\Request))
#18 C:\Users\user\Downloads\АСЬКА\my-project\vendor\laravel\framework\src\Illuminate\Routing\Router.php(807): Illuminate\Pipeline\Pipeline->then(Object(Closure))
#19 C:\Users\user\Downloads\АСЬКА\my-project\vendor\laravel\framework\src\Illuminate\Routing\Router.php(786): Illuminate\Routing\Router->runRouteWithinStack(Object(Illuminate\Routing\Route), Object(Illuminate\Http\Request))
#20 C:\Users\user\Downloads\АСЬКА\my-project\vendor\laravel\framework\src\Illuminate\Routing\Router.php(750): Illuminate\Routing\Router->runRoute(Object(Illuminate\Http\Request), Object(Illuminate\Routing\Route))
#21 C:\Users\user\Downloads\АСЬКА\my-project\vendor\laravel\framework\src\Illuminate\Routing\Router.php(739): Illuminate\Routing\Router->dispatchToRoute(Object(Illuminate\Http\Request))
#22 C:\Users\user\Downloads\АСЬКА\my-project\vendor\laravel\framework\src\Illuminate\Foundation\Http\Kernel.php(201): Illuminate\Routing\Router->dispatch(Object(Illuminate\Http\Request))
#23 C:\Users\user\Downloads\АСЬКА\my-project\vendor\laravel\framework\src\Illuminate\Pipeline\Pipeline.php(144): Illuminate\Foundation\Http\Kernel->Illuminate\Foundation\Http\{closure}(Object(Illuminate\Http\Request))
#24 C:\Users\user\Downloads\АСЬКА\my-project\vendor\laravel\framework\src\Illuminate\Foundation\Http\Middleware\TransformsRequest.php(21): Illuminate\Pipeline\Pipeline->Illuminate\Pipeline\{closure}(Object(Illuminate\Http\Request))
#25 C:\Users\user\Downloads\АСЬКА\my-project\vendor\laravel\framework\src\Illuminate\Foundation\Http\Middleware\ConvertEmptyStringsToNull.php(31): Illuminate\Foundation\Http\Middleware\TransformsRequest->handle(Object(Illuminate\Http\Request), Object(Closure))
#26 C:\Users\user\Downloads\АСЬКА\my-project\vendor\laravel\framework\src\Illuminate\Pipeline\Pipeline.php(183): Illuminate\Foundation\Http\Middleware\ConvertEmptyStringsToNull->handle(Object(Illuminate\Http\Request), Object(Closure))
#27 C:\Users\user\Downloads\АСЬКА\my-project\vendor\laravel\framework\src\Illuminate\Foundation\Http\Middleware\TransformsRequest.php(21): Illuminate\Pipeline\Pipeline->Illuminate\Pipeline\{closure}(Object(Illuminate\Http\Request))
#28 C:\Users\user\Downloads\АСЬКА\my-project\vendor\laravel\framework\src\Illuminate\Foundation\Http\Middleware\TrimStrings.php(51): Illuminate\Foundation\Http\Middleware\TransformsRequest->handle(Object(Illuminate\Http\Request), Object(Closure))
#29 C:\Users\user\Downloads\АСЬКА\my-project\vendor\laravel\framework\src\Illuminate\Pipeline\Pipeline.php(183): Illuminate\Foundation\Http\Middleware\TrimStrings->handle(Object(Illuminate\Http\Request), Object(Closure))
#30 C:\Users\user\Downloads\АСЬКА\my-project\vendor\laravel\framework\src\Illuminate\Http\Middleware\ValidatePostSize.php(27): Illuminate\Pipeline\Pipeline->Illuminate\Pipeline\{closure}(Object(Illuminate\Http\Request))
#31 C:\Users\user\Downloads\АСЬКА\my-project\vendor\laravel\framework\src\Illuminate\Pipeline\Pipeline.php(183): Illuminate\Http\Middleware\ValidatePostSize->handle(Object(Illuminate\Http\Request), Object(Closure))
#32 C:\Users\user\Downloads\АСЬКА\my-project\vendor\laravel\framework\src\Illuminate\Foundation\Http\Middleware\PreventRequestsDuringMaintenance.php(110): Illuminate\Pipeline\Pipeline->Illuminate\Pipeline\{closure}(Object(Illuminate\Http\Request))
#33 C:\Users\user\Downloads\АСЬКА\my-project\vendor\laravel\framework\src\Illuminate\Pipeline\Pipeline.php(183): Illuminate\Foundation\Http\Middleware\PreventRequestsDuringMaintenance->handle(Object(Illuminate\Http\Request), Object(Closure))
#34 C:\Users\user\Downloads\АСЬКА\my-project\vendor\laravel\framework\src\Illuminate\Http\Middleware\HandleCors.php(49): Illuminate\Pipeline\Pipeline->Illuminate\Pipeline\{closure}(Object(Illuminate\Http\Request))
#35 C:\Users\user\Downloads\АСЬКА\my-project\vendor\laravel\framework\src\Illuminate\Pipeline\Pipeline.php(183): Illuminate\Http\Middleware\HandleCors->handle(Object(Illuminate\Http\Request), Object(Closure))
#36 C:\Users\user\Downloads\АСЬКА\my-project\vendor\laravel\framework\src\Illuminate\Http\Middleware\TrustProxies.php(58): Illuminate\Pipeline\Pipeline->Illuminate\Pipeline\{closure}(Object(Illuminate\Http\Request))
#37 C:\Users\user\Downloads\АСЬКА\my-project\vendor\laravel\framework\src\Illuminate\Pipeline\Pipeline.php(183): Illuminate\Http\Middleware\TrustProxies->handle(Object(Illuminate\Http\Request), Object(Closure))
#38 C:\Users\user\Downloads\АСЬКА\my-project\vendor\laravel\framework\src\Illuminate\Foundation\Http\Middleware\InvokeDeferredCallbacks.php(22): Illuminate\Pipeline\Pipeline->Illuminate\Pipeline\{closure}(Object(Illuminate\Http\Request))
#39 C:\Users\user\Downloads\АСЬКА\my-project\vendor\laravel\framework\src\Illuminate\Pipeline\Pipeline.php(183): Illuminate\Foundation\Http\Middleware\InvokeDeferredCallbacks->handle(Object(Illuminate\Http\Request), Object(Closure))
#40 C:\Users\user\Downloads\АСЬКА\my-project\vendor\laravel\framework\src\Illuminate\Pipeline\Pipeline.php(119): Illuminate\Pipeline\Pipeline->Illuminate\Pipeline\{closure}(Object(Illuminate\Http\Request))
#41 C:\Users\user\Downloads\АСЬКА\my-project\vendor\laravel\framework\src\Illuminate\Foundation\Http\Kernel.php(176): Illuminate\Pipeline\Pipeline->then(Object(Closure))
#42 C:\Users\user\Downloads\АСЬКА\my-project\vendor\laravel\framework\src\Illuminate\Foundation\Http\Kernel.php(145): Illuminate\Foundation\Http\Kernel->sendRequestThroughRouter(Object(Illuminate\Http\Request))
#43 C:\Users\user\Downloads\АСЬКА\my-project\vendor\laravel\framework\src\Illuminate\Foundation\Application.php(1190): Illuminate\Foundation\Http\Kernel->handle(Object(Illuminate\Http\Request))
#44 C:\Users\user\Downloads\АСЬКА\my-project\public\index.php(17): Illuminate\Foundation\Application->handleRequest(Object(Illuminate\Http\Request))
#45 C:\Users\user\Downloads\АСЬКА\my-project\vendor\laravel\framework\src\Illuminate\Foundation\resources\server.php(23): require_once('C:\\Users\\user\\D...')
#46 {main}
  thrown in C:\Users\user\Downloads\АСЬКА\my-project\vendor\laravel\framework\src\Illuminate\Database\Connection.php on line 596
[15-Jan-2025 01:20:24 Asia/Irkutsk] PHP Fatal error:  Maximum execution time of 30 seconds exceeded in C:\Users\user\Downloads\АСЬКА\my-project\vendor\laravel\framework\src\Illuminate\Database\Connection.php on line 812
[15-Jan-2025 01:21:25 Asia/Irkutsk] PHP Warning:  Uncaught PDOException: SQLSTATE[HY000]: General error: 5 database is locked in C:\Users\user\Downloads\АСЬКА\my-project\vendor\laravel\framework\src\Illuminate\Database\Connection.php:596
Stack trace:
#0 C:\Users\user\Downloads\АСЬКА\my-project\vendor\laravel\framework\src\Illuminate\Database\Connection.php(596): PDOStatement->execute()
#1 C:\Users\user\Downloads\АСЬКА\my-project\vendor\laravel\framework\src\Illuminate\Database\Connection.php(812): Illuminate\Database\Connection->Illuminate\Database\{closure}('update "session...', Array)
#2 C:\Users\user\Downloads\АСЬКА\my-project\vendor\laravel\framework\src\Illuminate\Database\Connection.php(779): Illuminate\Database\Connection->runQueryCallback('update "session...', Array, Object(Closure))
#3 C:\Users\user\Downloads\АСЬКА\my-project\vendor\laravel\framework\src\Illuminate\Database\Connection.php(584): Illuminate\Database\Connection->run('update "session...', Array, Object(Closure))
#4 C:\Users\user\Downloads\АСЬКА\my-project\vendor\laravel\framework\src\Illuminate\Database\Connection.php(536): Illuminate\Database\Connection->affectingStatement('update "session...', Array)
#5 C:\Users\user\Downloads\АСЬКА\my-project\vendor\laravel\framework\src\Illuminate\Database\Query\Builder.php(3866): Illuminate\Database\Connection->update('update "session...', Array)
#6 C:\Users\user\Downloads\АСЬКА\my-project\vendor\laravel\framework\src\Illuminate\Session\DatabaseSessionHandler.php(173): Illuminate\Database\Query\Builder->update(Object(Illuminate\Support\Collection))
#7 C:\Users\user\Downloads\АСЬКА\my-project\vendor\laravel\framework\src\Illuminate\Session\DatabaseSessionHandler.php(140): Illuminate\Session\DatabaseSessionHandler->performUpdate('l9B3haLzK4veFu1...', Array)
#8 C:\Users\user\Downloads\АСЬКА\my-project\vendor\laravel\framework\src\Illuminate\Session\Store.php(175): Illuminate\Session\DatabaseSessionHandler->write('l9B3haLzK4veFu1...', 'a:3:{s:6:"_toke...')
#9 C:\Users\user\Downloads\АСЬКА\my-project\vendor\laravel\framework\src\Illuminate\Session\Middleware\StartSession.php(245): Illuminate\Session\Store->save()
#10 C:\Users\user\Downloads\АСЬКА\my-project\vendor\laravel\framework\src\Illuminate\Session\Middleware\StartSession.php(130): Illuminate\Session\Middleware\StartSession->saveSession(Object(Illuminate\Http\Request))
#11 C:\Users\user\Downloads\АСЬКА\my-project\vendor\laravel\framework\src\Illuminate\Session\Middleware\StartSession.php(64): Illuminate\Session\Middleware\StartSession->handleStatefulRequest(Object(Illuminate\Http\Request), Object(Illuminate\Session\Store), Object(Closure))
#12 C:\Users\user\Downloads\АСЬКА\my-project\vendor\laravel\framework\src\Illuminate\Pipeline\Pipeline.php(183): Illuminate\Session\Middleware\StartSession->handle(Object(Illuminate\Http\Request), Object(Closure))
#13 C:\Users\user\Downloads\АСЬКА\my-project\vendor\laravel\framework\src\Illuminate\Cookie\Middleware\AddQueuedCookiesToResponse.php(37): Illuminate\Pipeline\Pipeline->Illuminate\Pipeline\{closure}(Object(Illuminate\Http\Request))
#14 C:\Users\user\Downloads\АСЬКА\my-project\vendor\laravel\framework\src\Illuminate\Pipeline\Pipeline.php(183): Illuminate\Cookie\Middleware\AddQueuedCookiesToResponse->handle(Object(Illuminate\Http\Request), Object(Closure))
#15 C:\Users\user\Downloads\АСЬКА\my-project\vendor\laravel\framework\src\Illuminate\Cookie\Middleware\EncryptCookies.php(75): Illuminate\Pipeline\Pipeline->Illuminate\Pipeline\{closure}(Object(Illuminate\Http\Request))
#16 C:\Users\user\Downloads\АСЬКА\my-project\vendor\laravel\framework\src\Illuminate\Pipeline\Pipeline.php(183): Illuminate\Cookie\Middleware\EncryptCookies->handle(Object(Illuminate\Http\Request), Object(Closure))
#17 C:\Users\user\Downloads\АСЬКА\my-project\vendor\laravel\framework\src\Illuminate\Pipeline\Pipeline.php(119): Illuminate\Pipeline\Pipeline->Illuminate\Pipeline\{closure}(Object(Illuminate\Http\Request))
#18 C:\Users\user\Downloads\АСЬКА\my-project\vendor\laravel\framework\src\Illuminate\Routing\Router.php(807): Illuminate\Pipeline\Pipeline->then(Object(Closure))
#19 C:\Users\user\Downloads\АСЬКА\my-project\vendor\laravel\framework\src\Illuminate\Routing\Router.php(786): Illuminate\Routing\Router->runRouteWithinStack(Object(Illuminate\Routing\Route), Object(Illuminate\Http\Request))
#20 C:\Users\user\Downloads\АСЬКА\my-project\vendor\laravel\framework\src\Illuminate\Routing\Router.php(750): Illuminate\Routing\Router->runRoute(Object(Illuminate\Http\Request), Object(Illuminate\Routing\Route))
#21 C:\Users\user\Downloads\АСЬКА\my-project\vendor\laravel\framework\src\Illuminate\Routing\Router.php(739): Illuminate\Routing\Router->dispatchToRoute(Object(Illuminate\Http\Request))
#22 C:\Users\user\Downloads\АСЬКА\my-project\vendor\laravel\framework\src\Illuminate\Foundation\Http\Kernel.php(201): Illuminate\Routing\Router->dispatch(Object(Illuminate\Http\Request))
#23 C:\Users\user\Downloads\АСЬКА\my-project\vendor\laravel\framework\src\Illuminate\Pipeline\Pipeline.php(144): Illuminate\Foundation\Http\Kernel->Illuminate\Foundation\Http\{closure}(Object(Illuminate\Http\Request))
#24 C:\Users\user\Downloads\АСЬКА\my-project\vendor\laravel\framework\src\Illuminate\Foundation\Http\Middleware\TransformsRequest.php(21): Illuminate\Pipeline\Pipeline->Illuminate\Pipeline\{closure}(Object(Illuminate\Http\Request))
#25 C:\Users\user\Downloads\АСЬКА\my-project\vendor\laravel\framework\src\Illuminate\Foundation\Http\Middleware\ConvertEmptyStringsToNull.php(31): Illuminate\Foundation\Http\Middleware\TransformsRequest->handle(Object(Illuminate\Http\Request), Object(Closure))
#26 C:\Users\user\Downloads\АСЬКА\my-project\vendor\laravel\framework\src\Illuminate\Pipeline\Pipeline.php(183): Illuminate\Foundation\Http\Middleware\ConvertEmptyStringsToNull->handle(Object(Illuminate\Http\Request), Object(Closure))
#27 C:\Users\user\Downloads\АСЬКА\my-project\vendor\laravel\framework\src\Illuminate\Foundation\Http\Middleware\TransformsRequest.php(21): Illuminate\Pipeline\Pipeline->Illuminate\Pipeline\{closure}(Object(Illuminate\Http\Request))
#28 C:\Users\user\Downloads\АСЬКА\my-project\vendor\laravel\framework\src\Illuminate\Foundation\Http\Middleware\TrimStrings.php(51): Illuminate\Foundation\Http\Middleware\TransformsRequest->handle(Object(Illuminate\Http\Request), Object(Closure))
#29 C:\Users\user\Downloads\АСЬКА\my-project\vendor\laravel\framework\src\Illuminate\Pipeline\Pipeline.php(183): Illuminate\Foundation\Http\Middleware\TrimStrings->handle(Object(Illuminate\Http\Request), Object(Closure))
#30 C:\Users\user\Downloads\АСЬКА\my-project\vendor\laravel\framework\src\Illuminate\Http\Middleware\ValidatePostSize.php(27): Illuminate\Pipeline\Pipeline->Illuminate\Pipeline\{closure}(Object(Illuminate\Http\Request))
#31 C:\Users\user\Downloads\АСЬКА\my-project\vendor\laravel\framework\src\Illuminate\Pipeline\Pipeline.php(183): Illuminate\Http\Middleware\ValidatePostSize->handle(Object(Illuminate\Http\Request), Object(Closure))
#32 C:\Users\user\Downloads\АСЬКА\my-project\vendor\laravel\framework\src\Illuminate\Foundation\Http\Middleware\PreventRequestsDuringMaintenance.php(110): Illuminate\Pipeline\Pipeline->Illuminate\Pipeline\{closure}(Object(Illuminate\Http\Request))
#33 C:\Users\user\Downloads\АСЬКА\my-project\vendor\laravel\framework\src\Illuminate\Pipeline\Pipeline.php(183): Illuminate\Foundation\Http\Middleware\PreventRequestsDuringMaintenance->handle(Object(Illuminate\Http\Request), Object(Closure))
#34 C:\Users\user\Downloads\АСЬКА\my-project\vendor\laravel\framework\src\Illuminate\Http\Middleware\HandleCors.php(49): Illuminate\Pipeline\Pipeline->Illuminate\Pipeline\{closure}(Object(Illuminate\Http\Request))
#35 C:\Users\user\Downloads\АСЬКА\my-project\vendor\laravel\framework\src\Illuminate\Pipeline\Pipeline.php(183): Illuminate\Http\Middleware\HandleCors->handle(Object(Illuminate\Http\Request), Object(Closure))
#36 C:\Users\user\Downloads\АСЬКА\my-project\vendor\laravel\framework\src\Illuminate\Http\Middleware\TrustProxies.php(58): Illuminate\Pipeline\Pipeline->Illuminate\Pipeline\{closure}(Object(Illuminate\Http\Request))
#37 C:\Users\user\Downloads\АСЬКА\my-project\vendor\laravel\framework\src\Illuminate\Pipeline\Pipeline.php(183): Illuminate\Http\Middleware\TrustProxies->handle(Object(Illuminate\Http\Request), Object(Closure))
#38 C:\Users\user\Downloads\АСЬКА\my-project\vendor\laravel\framework\src\Illuminate\Foundation\Http\Middleware\InvokeDeferredCallbacks.php(22): Illuminate\Pipeline\Pipeline->Illuminate\Pipeline\{closure}(Object(Illuminate\Http\Request))
#39 C:\Users\user\Downloads\АСЬКА\my-project\vendor\laravel\framework\src\Illuminate\Pipeline\Pipeline.php(183): Illuminate\Foundation\Http\Middleware\InvokeDeferredCallbacks->handle(Object(Illuminate\Http\Request), Object(Closure))
#40 C:\Users\user\Downloads\АСЬКА\my-project\vendor\laravel\framework\src\Illuminate\Pipeline\Pipeline.php(119): Illuminate\Pipeline\Pipeline->Illuminate\Pipeline\{closure}(Object(Illuminate\Http\Request))
#41 C:\Users\user\Downloads\АСЬКА\my-project\vendor\laravel\framework\src\Illuminate\Foundation\Http\Kernel.php(176): Illuminate\Pipeline\Pipeline->then(Object(Closure))
#42 C:\Users\user\Downloads\АСЬКА\my-project\vendor\laravel\framework\src\Illuminate\Foundation\Http\Kernel.php(145): Illuminate\Foundation\Http\Kernel->sendRequestThroughRouter(Object(Illuminate\Http\Request))
#43 C:\Users\user\Downloads\АСЬКА\my-project\vendor\laravel\framework\src\Illuminate\Foundation\Application.php(1190): Illuminate\Foundation\Http\Kernel->handle(Object(Illuminate\Http\Request))
#44 C:\Users\user\Downloads\АСЬКА\my-project\public\index.php(17): Illuminate\Foundation\Application->handleRequest(Object(Illuminate\Http\Request))
#45 C:\Users\user\Downloads\АСЬКА\my-project\vendor\laravel\framework\src\Illuminate\Foundation\resources\server.php(23): require_once('C:\\Users\\user\\D...')
#46 {main}
  thrown in C:\Users\user\Downloads\АСЬКА\my-project\vendor\laravel\framework\src\Illuminate\Database\Connection.php on line 596
[15-Jan-2025 01:21:25 Asia/Irkutsk] PHP Fatal error:  Maximum execution time of 30 seconds exceeded in C:\Users\user\Downloads\АСЬКА\my-project\vendor\laravel\framework\src\Illuminate\Database\Connection.php on line 812
[15-Jan-2025 16:22:40 Asia/Irkutsk] PHP Warning:  Uncaught PDOException: SQLSTATE[HY000]: General error: 5 database is locked in C:\Users\user\Downloads\АСЬКА\my-project\vendor\laravel\framework\src\Illuminate\Database\Connection.php:571
Stack trace:
#0 C:\Users\user\Downloads\АСЬКА\my-project\vendor\laravel\framework\src\Illuminate\Database\Connection.php(571): PDOStatement->execute()
#1 C:\Users\user\Downloads\АСЬКА\my-project\vendor\laravel\framework\src\Illuminate\Database\Connection.php(812): Illuminate\Database\Connection->Illuminate\Database\{closure}('insert into "pr...', Array)
#2 C:\Users\user\Downloads\АСЬКА\my-project\vendor\laravel\framework\src\Illuminate\Database\Connection.php(779): Illuminate\Database\Connection->runQueryCallback('insert into "pr...', Array, Object(Closure))
#3 C:\Users\user\Downloads\АСЬКА\my-project\vendor\laravel\framework\src\Illuminate\Database\Connection.php(560): Illuminate\Database\Connection->run('insert into "pr...', Array, Object(Closure))
#4 C:\Users\user\Downloads\АСЬКА\my-project\vendor\laravel\framework\src\Illuminate\Database\Connection.php(524): Illuminate\Database\Connection->statement('insert into "pr...', Array)
#5 C:\Users\user\Downloads\АСЬКА\my-project\vendor\laravel\framework\src\Illuminate\Database\Query\Processors\Processor.php(32): Illuminate\Database\Connection->insert('insert into "pr...', Array)
#6 C:\Users\user\Downloads\АСЬКА\my-project\vendor\laravel\framework\src\Illuminate\Database\Query\Builder.php(3799): Illuminate\Database\Query\Processors\Processor->processInsertGetId(Object(Illuminate\Database\Query\Builder), 'insert into "pr...', Array, 'id')
#7 C:\Users\user\Downloads\АСЬКА\my-project\vendor\laravel\framework\src\Illuminate\Database\Eloquent\Builder.php(2051): Illuminate\Database\Query\Builder->insertGetId(Array, 'id')
#8 C:\Users\user\Downloads\АСЬКА\my-project\vendor\laravel\framework\src\Illuminate\Database\Eloquent\Model.php(1359): Illuminate\Database\Eloquent\Builder->__call('insertGetId', Array)
#9 C:\Users\user\Downloads\АСЬКА\my-project\vendor\laravel\framework\src\Illuminate\Database\Eloquent\Model.php(1324): Illuminate\Database\Eloquent\Model->insertAndSetId(Object(Illuminate\Database\Eloquent\Builder), Array)
#10 C:\Users\user\Downloads\АСЬКА\my-project\vendor\laravel\framework\src\Illuminate\Database\Eloquent\Model.php(1163): Illuminate\Database\Eloquent\Model->performInsert(Object(Illuminate\Database\Eloquent\Builder))
#11 C:\Users\user\Downloads\АСЬКА\my-project\vendor\laravel\framework\src\Illuminate\Database\Eloquent\Builder.php(1081): Illuminate\Database\Eloquent\Model->save()
#12 C:\Users\user\Downloads\АСЬКА\my-project\vendor\laravel\framework\src\Illuminate\Support\helpers.php(399): Illuminate\Database\Eloquent\Builder->Illuminate\Database\Eloquent\{closure}(Object(App\Models\Products))
#13 C:\Users\user\Downloads\АСЬКА\my-project\vendor\laravel\framework\src\Illuminate\Database\Eloquent\Builder.php(1080): tap(Object(App\Models\Products), Object(Closure))
#14 C:\Users\user\Downloads\АСЬКА\my-project\vendor\laravel\framework\src\Illuminate\Support\Traits\ForwardsCalls.php(23): Illuminate\Database\Eloquent\Builder->create(Array)
#15 C:\Users\user\Downloads\АСЬКА\my-project\vendor\laravel\framework\src\Illuminate\Database\Eloquent\Model.php(2368): Illuminate\Database\Eloquent\Model->forwardCallTo(Object(Illuminate\Database\Eloquent\Builder), 'create', Array)
#16 C:\Users\user\Downloads\АСЬКА\my-project\vendor\laravel\framework\src\Illuminate\Database\Eloquent\Model.php(2380): Illuminate\Database\Eloquent\Model->__call('create', Array)
#17 C:\Users\user\Downloads\АСЬКА\my-project\app\Providers\AppServiceProvider.php(24): Illuminate\Database\Eloquent\Model::__callStatic('create', Array)
#18 C:\Users\user\Downloads\АСЬКА\my-project\vendor\laravel\framework\src\Illuminate\Container\BoundMethod.php(36): App\Providers\AppServiceProvider->boot()
#19 C:\Users\user\Downloads\АСЬКА\my-project\vendor\laravel\framework\src\Illuminate\Container\Util.php(43): Illuminate\Container\BoundMethod::Illuminate\Container\{closure}()
#20 C:\Users\user\Downloads\АСЬКА\my-project\vendor\laravel\framework\src\Illuminate\Container\BoundMethod.php(95): Illuminate\Container\Util::unwrapIfClosure(Object(Closure))
#21 C:\Users\user\Downloads\АСЬКА\my-project\vendor\laravel\framework\src\Illuminate\Container\BoundMethod.php(35): Illuminate\Container\BoundMethod::callBoundMethod(Object(Illuminate\Foundation\Application), Array, Object(Closure))
#22 C:\Users\user\Downloads\АСЬКА\my-project\vendor\laravel\framework\src\Illuminate\Container\Container.php(694): Illuminate\Container\BoundMethod::call(Object(Illuminate\Foundation\Application), Array, Array, NULL)
#23 C:\Users\user\Downloads\АСЬКА\my-project\vendor\laravel\framework\src\Illuminate\Foundation\Application.php(1121): Illuminate\Container\Container->call(Array)
#24 C:\Users\user\Downloads\АСЬКА\my-project\vendor\laravel\framework\src\Illuminate\Foundation\Application.php(1102): Illuminate\Foundation\Application->bootProvider(Object(App\Providers\AppServiceProvider))
#25 [internal function]: Illuminate\Foundation\Application->Illuminate\Foundation\{closure}(Object(App\Providers\AppServiceProvider), 'App\\Providers\\A...')
#26 C:\Users\user\Downloads\АСЬКА\my-project\vendor\laravel\framework\src\Illuminate\Foundation\Application.php(1101): array_walk(Array, Object(Closure))
#27 C:\Users\user\Downloads\АСЬКА\my-project\vendor\laravel\framework\src\Illuminate\Foundation\Bootstrap\BootProviders.php(17): Illuminate\Foundation\Application->boot()
#28 C:\Users\user\Downloads\АСЬКА\my-project\vendor\laravel\framework\src\Illuminate\Foundation\Application.php(316): Illuminate\Foundation\Bootstrap\BootProviders->bootstrap(Object(Illuminate\Foundation\Application))
#29 C:\Users\user\Downloads\АСЬКА\my-project\vendor\laravel\framework\src\Illuminate\Foundation\Http\Kernel.php(187): Illuminate\Foundation\Application->bootstrapWith(Array)
#30 C:\Users\user\Downloads\АСЬКА\my-project\vendor\laravel\framework\src\Illuminate\Foundation\Http\Kernel.php(171): Illuminate\Foundation\Http\Kernel->bootstrap()
#31 C:\Users\user\Downloads\АСЬКА\my-project\vendor\laravel\framework\src\Illuminate\Foundation\Http\Kernel.php(145): Illuminate\Foundation\Http\Kernel->sendRequestThroughRouter(Object(Illuminate\Http\Request))
#32 C:\Users\user\Downloads\АСЬКА\my-project\vendor\laravel\framework\src\Illuminate\Foundation\Application.php(1190): Illuminate\Foundation\Http\Kernel->handle(Object(Illuminate\Http\Request))
#33 C:\Users\user\Downloads\АСЬКА\my-project\public\index.php(17): Illuminate\Foundation\Application->handleRequest(Object(Illuminate\Http\Request))
#34 C:\Users\user\Downloads\АСЬКА\my-project\vendor\laravel\framework\src\Illuminate\Foundation\resources\server.php(23): require_once('C:\\Users\\user\\D...')
#35 {main}
  thrown in C:\Users\user\Downloads\АСЬКА\my-project\vendor\laravel\framework\src\Illuminate\Database\Connection.php on line 571
[15-Jan-2025 16:22:40 Asia/Irkutsk] PHP Fatal error:  Maximum execution time of 30 seconds exceeded in C:\Users\user\Downloads\АСЬКА\my-project\vendor\laravel\framework\src\Illuminate\Database\Connection.php on line 812
[15-Jan-2025 16:23:32 Asia/Irkutsk] PHP Fatal error:  Maximum execution time of 30 seconds exceeded in C:\Users\user\Downloads\АСЬКА\my-project\vendor\laravel\framework\src\Illuminate\Database\Connection.php on line 571
[15-Jan-2025 18:29:46 Asia/Irkutsk] PHP Fatal error:  Maximum execution time of 30 seconds exceeded in C:\Users\user\Downloads\АСЬКА\my-project\vendor\laravel\framework\src\Illuminate\Database\Connection.php on line 571
